The system is: Linux - 3.10.0-1160.119.1.el7.x86_64 - x86_64
Compiling the C compiler identification source file "CMakeCCompilerId.c" succeeded.
Compiler: /usr/local/bin/gcc 
Build flags: 
Id flags:  

The output was:
0


Compilation of the C compiler identification source "CMakeCCompilerId.c" produced "a.out"

The C compiler identification is GNU, found in "/root/workspace/GameServer/02_02_network_epoll/src/tools/robots/CMakeFiles/3.17.5/CompilerIdC/a.out"

Compiling the CXX compiler identification source file "CMakeCXXCompilerId.cpp" succeeded.
Compiler: /usr/local/bin/g++ 
Build flags: 
Id flags:  

The output was:
0


Compilation of the CXX compiler identification source "CMakeCXXCompilerId.cpp" produced "a.out"

The CXX compiler identification is GNU, found in "/root/workspace/GameServer/02_02_network_epoll/src/tools/robots/CMakeFiles/3.17.5/CompilerIdCXX/a.out"

Determining if the C compiler works passed with the following output:
Change Dir: /root/workspace/GameServer/02_02_network_epoll/src/tools/robots/CMakeFiles/CMakeTmp

Run Build Command(s):/usr/bin/gmake cmTC_648b5/fast && /usr/bin/gmake  -f CMakeFiles/cmTC_648b5.dir/build.make CMakeFiles/cmTC_648b5.dir/build
gmake[1]: Entering directory '/root/workspace/GameServer/02_02_network_epoll/src/tools/robots/CMakeFiles/CMakeTmp'
Building C object CMakeFiles/cmTC_648b5.dir/testCCompiler.c.o
/usr/local/bin/gcc    -o CMakeFiles/cmTC_648b5.dir/testCCompiler.c.o   -c /root/workspace/GameServer/02_02_network_epoll/src/tools/robots/CMakeFiles/CMakeTmp/testCCompiler.c
Linking C executable cmTC_648b5
/usr/bin/cmake3 -E cmake_link_script CMakeFiles/cmTC_648b5.dir/link.txt --verbose=1
/usr/local/bin/gcc      -rdynamic CMakeFiles/cmTC_648b5.dir/testCCompiler.c.o  -o cmTC_648b5 
gmake[1]: Leaving directory '/root/workspace/GameServer/02_02_network_epoll/src/tools/robots/CMakeFiles/CMakeTmp'



Detecting C compiler ABI info compiled with the following output:
Change Dir: /root/workspace/GameServer/02_02_network_epoll/src/tools/robots/CMakeFiles/CMakeTmp

Run Build Command(s):/usr/bin/gmake cmTC_7a9e5/fast && /usr/bin/gmake  -f CMakeFiles/cmTC_7a9e5.dir/build.make CMakeFiles/cmTC_7a9e5.dir/build
gmake[1]: Entering directory '/root/workspace/GameServer/02_02_network_epoll/src/tools/robots/CMakeFiles/CMakeTmp'
Building C object CMakeFiles/cmTC_7a9e5.dir/CMakeCCompilerABI.c.o
/usr/local/bin/gcc   -v -o CMakeFiles/cmTC_7a9e5.dir/CMakeCCompilerABI.c.o   -c /usr/share/cmake3/Modules/CMakeCCompilerABI.c
Using built-in specs.
COLLECT_GCC=/usr/local/bin/gcc
Target: x86_64-pc-linux-gnu
Configured with: ../configure --enable-checking=release --enable-languages=c,c++ --disable-multilib
Thread model: posix
gcc version 9.1.0 (GCC) 
COLLECT_GCC_OPTIONS='-v' '-o' 'CMakeFiles/cmTC_7a9e5.dir/CMakeCCompilerABI.c.o' '-c' '-mtune=generic' '-march=x86-64'
 /usr/local/libexec/gcc/x86_64-pc-linux-gnu/9.1.0/cc1 -quiet -v /usr/share/cmake3/Modules/CMakeCCompilerABI.c -quiet -dumpbase CMakeCCompilerABI.c -mtune=generic -march=x86-64 -auxbase-strip CMakeFiles/cmTC_7a9e5.dir/CMakeCCompilerABI.c.o -version -o /tmp/cc6FRrtt.s
GNU C17 (GCC) version 9.1.0 (x86_64-pc-linux-gnu)
	compiled by GNU C version 9.1.0, GMP version 6.1.0, MPFR version 3.1.4, MPC version 1.0.3, isl version isl-0.18-GMP

GGC heuristics: --param ggc-min-expand=100 --param ggc-min-heapsize=131072
ignoring nonexistent directory "/usr/local/lib/gcc/x86_64-pc-linux-gnu/9.1.0/../../../../x86_64-pc-linux-gnu/include"
#include "..." search starts here:
#include <...> search starts here:
 /usr/local/lib/gcc/x86_64-pc-linux-gnu/9.1.0/include
 /usr/local/include
 /usr/local/lib/gcc/x86_64-pc-linux-gnu/9.1.0/include-fixed
 /usr/include
End of search list.
GNU C17 (GCC) version 9.1.0 (x86_64-pc-linux-gnu)
	compiled by GNU C version 9.1.0, GMP version 6.1.0, MPFR version 3.1.4, MPC version 1.0.3, isl version isl-0.18-GMP

GGC heuristics: --param ggc-min-expand=100 --param ggc-min-heapsize=131072
Compiler executable checksum: 29e3611a0ff8fcb1f70d858cac61603d
COLLECT_GCC_OPTIONS='-v' '-o' 'CMakeFiles/cmTC_7a9e5.dir/CMakeCCompilerABI.c.o' '-c' '-mtune=generic' '-march=x86-64'
 as -v --64 -o CMakeFiles/cmTC_7a9e5.dir/CMakeCCompilerABI.c.o /tmp/cc6FRrtt.s
GNU assembler version 2.27 (x86_64-redhat-linux) using BFD version version 2.27-44.base.el7_9.1
COMPILER_PATH=/usr/local/libexec/gcc/x86_64-pc-linux-gnu/9.1.0/:/usr/local/libexec/gcc/x86_64-pc-linux-gnu/9.1.0/:/usr/local/libexec/gcc/x86_64-pc-linux-gnu/:/usr/local/lib/gcc/x86_64-pc-linux-gnu/9.1.0/:/usr/local/lib/gcc/x86_64-pc-linux-gnu/
LIBRARY_PATH=/usr/local/lib/../lib64/:/usr/local/lib/../lib64/:/usr/local/lib/gcc/x86_64-pc-linux-gnu/9.1.0/:/usr/local/lib/gcc/x86_64-pc-linux-gnu/9.1.0/../../../../lib64/:/lib/../lib64/:/usr/lib/../lib64/:/usr/local/lib/:/usr/local/lib/:./:/usr/local/lib/gcc/x86_64-pc-linux-gnu/9.1.0/../../../:/lib/:/usr/lib/
COLLECT_GCC_OPTIONS='-v' '-o' 'CMakeFiles/cmTC_7a9e5.dir/CMakeCCompilerABI.c.o' '-c' '-mtune=generic' '-march=x86-64'
Linking C executable cmTC_7a9e5
/usr/bin/cmake3 -E cmake_link_script CMakeFiles/cmTC_7a9e5.dir/link.txt --verbose=1
/usr/local/bin/gcc     -v -rdynamic CMakeFiles/cmTC_7a9e5.dir/CMakeCCompilerABI.c.o  -o cmTC_7a9e5 
Using built-in specs.
COLLECT_GCC=/usr/local/bin/gcc
COLLECT_LTO_WRAPPER=/usr/local/libexec/gcc/x86_64-pc-linux-gnu/9.1.0/lto-wrapper
Target: x86_64-pc-linux-gnu
Configured with: ../configure --enable-checking=release --enable-languages=c,c++ --disable-multilib
Thread model: posix
gcc version 9.1.0 (GCC) 
COMPILER_PATH=/usr/local/libexec/gcc/x86_64-pc-linux-gnu/9.1.0/:/usr/local/libexec/gcc/x86_64-pc-linux-gnu/9.1.0/:/usr/local/libexec/gcc/x86_64-pc-linux-gnu/:/usr/local/lib/gcc/x86_64-pc-linux-gnu/9.1.0/:/usr/local/lib/gcc/x86_64-pc-linux-gnu/
LIBRARY_PATH=/usr/local/lib/../lib64/:/usr/local/lib/../lib64/:/usr/local/lib/gcc/x86_64-pc-linux-gnu/9.1.0/:/usr/local/lib/gcc/x86_64-pc-linux-gnu/9.1.0/../../../../lib64/:/lib/../lib64/:/usr/lib/../lib64/:/usr/local/lib/:/usr/local/lib/:./:/usr/local/lib/gcc/x86_64-pc-linux-gnu/9.1.0/../../../:/lib/:/usr/lib/
COLLECT_GCC_OPTIONS='-v' '-rdynamic' '-o' 'cmTC_7a9e5' '-mtune=generic' '-march=x86-64'
 /usr/local/libexec/gcc/x86_64-pc-linux-gnu/9.1.0/collect2 -plugin /usr/local/libexec/gcc/x86_64-pc-linux-gnu/9.1.0/liblto_plugin.so -plugin-opt=/usr/local/libexec/gcc/x86_64-pc-linux-gnu/9.1.0/lto-wrapper -plugin-opt=-fresolution=/tmp/cc3dSY6P.res -plugin-opt=-pass-through=-lgcc -plugin-opt=-pass-through=-lgcc_s -plugin-opt=-pass-through=-lc -plugin-opt=-pass-through=-lgcc -plugin-opt=-pass-through=-lgcc_s --eh-frame-hdr -m elf_x86_64 -export-dynamic -dynamic-linker /lib64/ld-linux-x86-64.so.2 -o cmTC_7a9e5 /lib/../lib64/crt1.o /lib/../lib64/crti.o /usr/local/lib/gcc/x86_64-pc-linux-gnu/9.1.0/crtbegin.o -L/usr/local/lib/../lib64 -L/usr/local/lib/../lib64 -L/usr/local/lib/gcc/x86_64-pc-linux-gnu/9.1.0 -L/usr/local/lib/gcc/x86_64-pc-linux-gnu/9.1.0/../../../../lib64 -L/lib/../lib64 -L/usr/lib/../lib64 -L/usr/local/lib -L/usr/local/lib -L. -L/usr/local/lib/gcc/x86_64-pc-linux-gnu/9.1.0/../../.. CMakeFiles/cmTC_7a9e5.dir/CMakeCCompilerABI.c.o -lgcc --as-needed -lgcc_s --no-as-needed -lc -lgcc --as-needed -lgcc_s --no-as-needed /usr/local/lib/gcc/x86_64-pc-linux-gnu/9.1.0/crtend.o /lib/../lib64/crtn.o
COLLECT_GCC_OPTIONS='-v' '-rdynamic' '-o' 'cmTC_7a9e5' '-mtune=generic' '-march=x86-64'
gmake[1]: Leaving directory '/root/workspace/GameServer/02_02_network_epoll/src/tools/robots/CMakeFiles/CMakeTmp'



Parsed C implicit include dir info from above output: rv=done
  found start of include info
  found start of implicit include info
    add: [/usr/local/lib/gcc/x86_64-pc-linux-gnu/9.1.0/include]
    add: [/usr/local/include]
    add: [/usr/local/lib/gcc/x86_64-pc-linux-gnu/9.1.0/include-fixed]
    add: [/usr/include]
  end of search list found
  collapse include dir [/usr/local/lib/gcc/x86_64-pc-linux-gnu/9.1.0/include] ==> [/usr/local/lib/gcc/x86_64-pc-linux-gnu/9.1.0/include]
  collapse include dir [/usr/local/include] ==> [/usr/local/include]
  collapse include dir [/usr/local/lib/gcc/x86_64-pc-linux-gnu/9.1.0/include-fixed] ==> [/usr/local/lib/gcc/x86_64-pc-linux-gnu/9.1.0/include-fixed]
  collapse include dir [/usr/include] ==> [/usr/include]
  implicit include dirs: [/usr/local/lib/gcc/x86_64-pc-linux-gnu/9.1.0/include;/usr/local/include;/usr/local/lib/gcc/x86_64-pc-linux-gnu/9.1.0/include-fixed;/usr/include]


Parsed C implicit link information from above output:
  link line regex: [^( *|.*[/\])(ld|CMAKE_LINK_STARTFILE-NOTFOUND|([^/\]+-)?ld|collect2)[^/\]*( |$)]
  ignore line: [Change Dir: /root/workspace/GameServer/02_02_network_epoll/src/tools/robots/CMakeFiles/CMakeTmp]
  ignore line: []
  ignore line: [Run Build Command(s):/usr/bin/gmake cmTC_7a9e5/fast && /usr/bin/gmake  -f CMakeFiles/cmTC_7a9e5.dir/build.make CMakeFiles/cmTC_7a9e5.dir/build]
  ignore line: [gmake[1]: Entering directory '/root/workspace/GameServer/02_02_network_epoll/src/tools/robots/CMakeFiles/CMakeTmp']
  ignore line: [Building C object CMakeFiles/cmTC_7a9e5.dir/CMakeCCompilerABI.c.o]
  ignore line: [/usr/local/bin/gcc   -v -o CMakeFiles/cmTC_7a9e5.dir/CMakeCCompilerABI.c.o   -c /usr/share/cmake3/Modules/CMakeCCompilerABI.c]
  ignore line: [Using built-in specs.]
  ignore line: [COLLECT_GCC=/usr/local/bin/gcc]
  ignore line: [Target: x86_64-pc-linux-gnu]
  ignore line: [Configured with: ../configure --enable-checking=release --enable-languages=c c++ --disable-multilib]
  ignore line: [Thread model: posix]
  ignore line: [gcc version 9.1.0 (GCC) ]
  ignore line: [COLLECT_GCC_OPTIONS='-v' '-o' 'CMakeFiles/cmTC_7a9e5.dir/CMakeCCompilerABI.c.o' '-c' '-mtune=generic' '-march=x86-64']
  ignore line: [ /usr/local/libexec/gcc/x86_64-pc-linux-gnu/9.1.0/cc1 -quiet -v /usr/share/cmake3/Modules/CMakeCCompilerABI.c -quiet -dumpbase CMakeCCompilerABI.c -mtune=generic -march=x86-64 -auxbase-strip CMakeFiles/cmTC_7a9e5.dir/CMakeCCompilerABI.c.o -version -o /tmp/cc6FRrtt.s]
  ignore line: [GNU C17 (GCC) version 9.1.0 (x86_64-pc-linux-gnu)]
  ignore line: [	compiled by GNU C version 9.1.0  GMP version 6.1.0  MPFR version 3.1.4  MPC version 1.0.3  isl version isl-0.18-GMP]
  ignore line: []
  ignore line: [GGC heuristics: --param ggc-min-expand=100 --param ggc-min-heapsize=131072]
  ignore line: [ignoring nonexistent directory "/usr/local/lib/gcc/x86_64-pc-linux-gnu/9.1.0/../../../../x86_64-pc-linux-gnu/include"]
  ignore line: [#include "..." search starts here:]
  ignore line: [#include <...> search starts here:]
  ignore line: [ /usr/local/lib/gcc/x86_64-pc-linux-gnu/9.1.0/include]
  ignore line: [ /usr/local/include]
  ignore line: [ /usr/local/lib/gcc/x86_64-pc-linux-gnu/9.1.0/include-fixed]
  ignore line: [ /usr/include]
  ignore line: [End of search list.]
  ignore line: [GNU C17 (GCC) version 9.1.0 (x86_64-pc-linux-gnu)]
  ignore line: [	compiled by GNU C version 9.1.0  GMP version 6.1.0  MPFR version 3.1.4  MPC version 1.0.3  isl version isl-0.18-GMP]
  ignore line: []
  ignore line: [GGC heuristics: --param ggc-min-expand=100 --param ggc-min-heapsize=131072]
  ignore line: [Compiler executable checksum: 29e3611a0ff8fcb1f70d858cac61603d]
  ignore line: [COLLECT_GCC_OPTIONS='-v' '-o' 'CMakeFiles/cmTC_7a9e5.dir/CMakeCCompilerABI.c.o' '-c' '-mtune=generic' '-march=x86-64']
  ignore line: [ as -v --64 -o CMakeFiles/cmTC_7a9e5.dir/CMakeCCompilerABI.c.o /tmp/cc6FRrtt.s]
  ignore line: [GNU assembler version 2.27 (x86_64-redhat-linux) using BFD version version 2.27-44.base.el7_9.1]
  ignore line: [COMPILER_PATH=/usr/local/libexec/gcc/x86_64-pc-linux-gnu/9.1.0/:/usr/local/libexec/gcc/x86_64-pc-linux-gnu/9.1.0/:/usr/local/libexec/gcc/x86_64-pc-linux-gnu/:/usr/local/lib/gcc/x86_64-pc-linux-gnu/9.1.0/:/usr/local/lib/gcc/x86_64-pc-linux-gnu/]
  ignore line: [LIBRARY_PATH=/usr/local/lib/../lib64/:/usr/local/lib/../lib64/:/usr/local/lib/gcc/x86_64-pc-linux-gnu/9.1.0/:/usr/local/lib/gcc/x86_64-pc-linux-gnu/9.1.0/../../../../lib64/:/lib/../lib64/:/usr/lib/../lib64/:/usr/local/lib/:/usr/local/lib/:./:/usr/local/lib/gcc/x86_64-pc-linux-gnu/9.1.0/../../../:/lib/:/usr/lib/]
  ignore line: [COLLECT_GCC_OPTIONS='-v' '-o' 'CMakeFiles/cmTC_7a9e5.dir/CMakeCCompilerABI.c.o' '-c' '-mtune=generic' '-march=x86-64']
  ignore line: [Linking C executable cmTC_7a9e5]
  ignore line: [/usr/bin/cmake3 -E cmake_link_script CMakeFiles/cmTC_7a9e5.dir/link.txt --verbose=1]
  ignore line: [/usr/local/bin/gcc     -v -rdynamic CMakeFiles/cmTC_7a9e5.dir/CMakeCCompilerABI.c.o  -o cmTC_7a9e5 ]
  ignore line: [Using built-in specs.]
  ignore line: [COLLECT_GCC=/usr/local/bin/gcc]
  ignore line: [COLLECT_LTO_WRAPPER=/usr/local/libexec/gcc/x86_64-pc-linux-gnu/9.1.0/lto-wrapper]
  ignore line: [Target: x86_64-pc-linux-gnu]
  ignore line: [Configured with: ../configure --enable-checking=release --enable-languages=c c++ --disable-multilib]
  ignore line: [Thread model: posix]
  ignore line: [gcc version 9.1.0 (GCC) ]
  ignore line: [COMPILER_PATH=/usr/local/libexec/gcc/x86_64-pc-linux-gnu/9.1.0/:/usr/local/libexec/gcc/x86_64-pc-linux-gnu/9.1.0/:/usr/local/libexec/gcc/x86_64-pc-linux-gnu/:/usr/local/lib/gcc/x86_64-pc-linux-gnu/9.1.0/:/usr/local/lib/gcc/x86_64-pc-linux-gnu/]
  ignore line: [LIBRARY_PATH=/usr/local/lib/../lib64/:/usr/local/lib/../lib64/:/usr/local/lib/gcc/x86_64-pc-linux-gnu/9.1.0/:/usr/local/lib/gcc/x86_64-pc-linux-gnu/9.1.0/../../../../lib64/:/lib/../lib64/:/usr/lib/../lib64/:/usr/local/lib/:/usr/local/lib/:./:/usr/local/lib/gcc/x86_64-pc-linux-gnu/9.1.0/../../../:/lib/:/usr/lib/]
  ignore line: [COLLECT_GCC_OPTIONS='-v' '-rdynamic' '-o' 'cmTC_7a9e5' '-mtune=generic' '-march=x86-64']
  link line: [ /usr/local/libexec/gcc/x86_64-pc-linux-gnu/9.1.0/collect2 -plugin /usr/local/libexec/gcc/x86_64-pc-linux-gnu/9.1.0/liblto_plugin.so -plugin-opt=/usr/local/libexec/gcc/x86_64-pc-linux-gnu/9.1.0/lto-wrapper -plugin-opt=-fresolution=/tmp/cc3dSY6P.res -plugin-opt=-pass-through=-lgcc -plugin-opt=-pass-through=-lgcc_s -plugin-opt=-pass-through=-lc -plugin-opt=-pass-through=-lgcc -plugin-opt=-pass-through=-lgcc_s --eh-frame-hdr -m elf_x86_64 -export-dynamic -dynamic-linker /lib64/ld-linux-x86-64.so.2 -o cmTC_7a9e5 /lib/../lib64/crt1.o /lib/../lib64/crti.o /usr/local/lib/gcc/x86_64-pc-linux-gnu/9.1.0/crtbegin.o -L/usr/local/lib/../lib64 -L/usr/local/lib/../lib64 -L/usr/local/lib/gcc/x86_64-pc-linux-gnu/9.1.0 -L/usr/local/lib/gcc/x86_64-pc-linux-gnu/9.1.0/../../../../lib64 -L/lib/../lib64 -L/usr/lib/../lib64 -L/usr/local/lib -L/usr/local/lib -L. -L/usr/local/lib/gcc/x86_64-pc-linux-gnu/9.1.0/../../.. CMakeFiles/cmTC_7a9e5.dir/CMakeCCompilerABI.c.o -lgcc --as-needed -lgcc_s --no-as-needed -lc -lgcc --as-needed -lgcc_s --no-as-needed /usr/local/lib/gcc/x86_64-pc-linux-gnu/9.1.0/crtend.o /lib/../lib64/crtn.o]
    arg [/usr/local/libexec/gcc/x86_64-pc-linux-gnu/9.1.0/collect2] ==> ignore
    arg [-plugin] ==> ignore
    arg [/usr/local/libexec/gcc/x86_64-pc-linux-gnu/9.1.0/liblto_plugin.so] ==> ignore
    arg [-plugin-opt=/usr/local/libexec/gcc/x86_64-pc-linux-gnu/9.1.0/lto-wrapper] ==> ignore
    arg [-plugin-opt=-fresolution=/tmp/cc3dSY6P.res] ==> ignore
    arg [-plugin-opt=-pass-through=-lgcc] ==> ignore
    arg [-plugin-opt=-pass-through=-lgcc_s] ==> ignore
    arg [-plugin-opt=-pass-through=-lc] ==> ignore
    arg [-plugin-opt=-pass-through=-lgcc] ==> ignore
    arg [-plugin-opt=-pass-through=-lgcc_s] ==> ignore
    arg [--eh-frame-hdr] ==> ignore
    arg [-m] ==> ignore
    arg [elf_x86_64] ==> ignore
    arg [-export-dynamic] ==> ignore
    arg [-dynamic-linker] ==> ignore
    arg [/lib64/ld-linux-x86-64.so.2] ==> ignore
    arg [-o] ==> ignore
    arg [cmTC_7a9e5] ==> ignore
    arg [/lib/../lib64/crt1.o] ==> ignore
    arg [/lib/../lib64/crti.o] ==> ignore
    arg [/usr/local/lib/gcc/x86_64-pc-linux-gnu/9.1.0/crtbegin.o] ==> ignore
    arg [-L/usr/local/lib/../lib64] ==> dir [/usr/local/lib/../lib64]
    arg [-L/usr/local/lib/../lib64] ==> dir [/usr/local/lib/../lib64]
    arg [-L/usr/local/lib/gcc/x86_64-pc-linux-gnu/9.1.0] ==> dir [/usr/local/lib/gcc/x86_64-pc-linux-gnu/9.1.0]
    arg [-L/usr/local/lib/gcc/x86_64-pc-linux-gnu/9.1.0/../../../../lib64] ==> dir [/usr/local/lib/gcc/x86_64-pc-linux-gnu/9.1.0/../../../../lib64]
    arg [-L/lib/../lib64] ==> dir [/lib/../lib64]
    arg [-L/usr/lib/../lib64] ==> dir [/usr/lib/../lib64]
    arg [-L/usr/local/lib] ==> dir [/usr/local/lib]
    arg [-L/usr/local/lib] ==> dir [/usr/local/lib]
    arg [-L.] ==> ignore
    arg [-L/usr/local/lib/gcc/x86_64-pc-linux-gnu/9.1.0/../../..] ==> dir [/usr/local/lib/gcc/x86_64-pc-linux-gnu/9.1.0/../../..]
    arg [CMakeFiles/cmTC_7a9e5.dir/CMakeCCompilerABI.c.o] ==> ignore
    arg [-lgcc] ==> lib [gcc]
    arg [--as-needed] ==> ignore
    arg [-lgcc_s] ==> lib [gcc_s]
    arg [--no-as-needed] ==> ignore
    arg [-lc] ==> lib [c]
    arg [-lgcc] ==> lib [gcc]
    arg [--as-needed] ==> ignore
    arg [-lgcc_s] ==> lib [gcc_s]
    arg [--no-as-needed] ==> ignore
    arg [/usr/local/lib/gcc/x86_64-pc-linux-gnu/9.1.0/crtend.o] ==> ignore
    arg [/lib/../lib64/crtn.o] ==> ignore
  collapse library dir [/usr/local/lib/../lib64] ==> [/usr/local/lib64]
  collapse library dir [/usr/local/lib/../lib64] ==> [/usr/local/lib64]
  collapse library dir [/usr/local/lib/gcc/x86_64-pc-linux-gnu/9.1.0] ==> [/usr/local/lib/gcc/x86_64-pc-linux-gnu/9.1.0]
  collapse library dir [/usr/local/lib/gcc/x86_64-pc-linux-gnu/9.1.0/../../../../lib64] ==> [/usr/local/lib64]
  collapse library dir [/lib/../lib64] ==> [/lib64]
  collapse library dir [/usr/lib/../lib64] ==> [/usr/lib64]
  collapse library dir [/usr/local/lib] ==> [/usr/local/lib]
  collapse library dir [/usr/local/lib] ==> [/usr/local/lib]
  collapse library dir [/usr/local/lib/gcc/x86_64-pc-linux-gnu/9.1.0/../../..] ==> [/usr/local/lib]
  implicit libs: [gcc;gcc_s;c;gcc;gcc_s]
  implicit dirs: [/usr/local/lib64;/usr/local/lib/gcc/x86_64-pc-linux-gnu/9.1.0;/lib64;/usr/lib64;/usr/local/lib]
  implicit fwks: []


Determining if the CXX compiler works passed with the following output:
Change Dir: /root/workspace/GameServer/02_02_network_epoll/src/tools/robots/CMakeFiles/CMakeTmp

Run Build Command(s):/usr/bin/gmake cmTC_6b106/fast && /usr/bin/gmake  -f CMakeFiles/cmTC_6b106.dir/build.make CMakeFiles/cmTC_6b106.dir/build
gmake[1]: Entering directory '/root/workspace/GameServer/02_02_network_epoll/src/tools/robots/CMakeFiles/CMakeTmp'
Building CXX object CMakeFiles/cmTC_6b106.dir/testCXXCompiler.cxx.o
/usr/local/bin/g++     -o CMakeFiles/cmTC_6b106.dir/testCXXCompiler.cxx.o -c /root/workspace/GameServer/02_02_network_epoll/src/tools/robots/CMakeFiles/CMakeTmp/testCXXCompiler.cxx
Linking CXX executable cmTC_6b106
/usr/bin/cmake3 -E cmake_link_script CMakeFiles/cmTC_6b106.dir/link.txt --verbose=1
/usr/local/bin/g++       -rdynamic CMakeFiles/cmTC_6b106.dir/testCXXCompiler.cxx.o  -o cmTC_6b106 
gmake[1]: Leaving directory '/root/workspace/GameServer/02_02_network_epoll/src/tools/robots/CMakeFiles/CMakeTmp'



Detecting CXX compiler ABI info compiled with the following output:
Change Dir: /root/workspace/GameServer/02_02_network_epoll/src/tools/robots/CMakeFiles/CMakeTmp

Run Build Command(s):/usr/bin/gmake cmTC_ff935/fast && /usr/bin/gmake  -f CMakeFiles/cmTC_ff935.dir/build.make CMakeFiles/cmTC_ff935.dir/build
gmake[1]: Entering directory '/root/workspace/GameServer/02_02_network_epoll/src/tools/robots/CMakeFiles/CMakeTmp'
Building CXX object CMakeFiles/cmTC_ff935.dir/CMakeCXXCompilerABI.cpp.o
/usr/local/bin/g++    -v -o CMakeFiles/cmTC_ff935.dir/CMakeCXXCompilerABI.cpp.o -c /usr/share/cmake3/Modules/CMakeCXXCompilerABI.cpp
Using built-in specs.
COLLECT_GCC=/usr/local/bin/g++
Target: x86_64-pc-linux-gnu
Configured with: ../configure --enable-checking=release --enable-languages=c,c++ --disable-multilib
Thread model: posix
gcc version 9.1.0 (GCC) 
COLLECT_GCC_OPTIONS='-v' '-o' 'CMakeFiles/cmTC_ff935.dir/CMakeCXXCompilerABI.cpp.o' '-c' '-shared-libgcc' '-mtune=generic' '-march=x86-64'
 /usr/local/libexec/gcc/x86_64-pc-linux-gnu/9.1.0/cc1plus -quiet -v -D_GNU_SOURCE /usr/share/cmake3/Modules/CMakeCXXCompilerABI.cpp -quiet -dumpbase CMakeCXXCompilerABI.cpp -mtune=generic -march=x86-64 -auxbase-strip CMakeFiles/cmTC_ff935.dir/CMakeCXXCompilerABI.cpp.o -version -o /tmp/ccdFH6XV.s
GNU C++14 (GCC) version 9.1.0 (x86_64-pc-linux-gnu)
	compiled by GNU C version 9.1.0, GMP version 6.1.0, MPFR version 3.1.4, MPC version 1.0.3, isl version isl-0.18-GMP

GGC heuristics: --param ggc-min-expand=100 --param ggc-min-heapsize=131072
ignoring nonexistent directory "/usr/local/lib/gcc/x86_64-pc-linux-gnu/9.1.0/../../../../x86_64-pc-linux-gnu/include"
#include "..." search starts here:
#include <...> search starts here:
 /usr/local/lib/gcc/x86_64-pc-linux-gnu/9.1.0/../../../../include/c++/9.1.0
 /usr/local/lib/gcc/x86_64-pc-linux-gnu/9.1.0/../../../../include/c++/9.1.0/x86_64-pc-linux-gnu
 /usr/local/lib/gcc/x86_64-pc-linux-gnu/9.1.0/../../../../include/c++/9.1.0/backward
 /usr/local/lib/gcc/x86_64-pc-linux-gnu/9.1.0/include
 /usr/local/include
 /usr/local/lib/gcc/x86_64-pc-linux-gnu/9.1.0/include-fixed
 /usr/include
End of search list.
GNU C++14 (GCC) version 9.1.0 (x86_64-pc-linux-gnu)
	compiled by GNU C version 9.1.0, GMP version 6.1.0, MPFR version 3.1.4, MPC version 1.0.3, isl version isl-0.18-GMP

GGC heuristics: --param ggc-min-expand=100 --param ggc-min-heapsize=131072
Compiler executable checksum: b9b9483c954cb56327aff3ddfbe2d353
COLLECT_GCC_OPTIONS='-v' '-o' 'CMakeFiles/cmTC_ff935.dir/CMakeCXXCompilerABI.cpp.o' '-c' '-shared-libgcc' '-mtune=generic' '-march=x86-64'
 as -v --64 -o CMakeFiles/cmTC_ff935.dir/CMakeCXXCompilerABI.cpp.o /tmp/ccdFH6XV.s
GNU assembler version 2.27 (x86_64-redhat-linux) using BFD version version 2.27-44.base.el7_9.1
COMPILER_PATH=/usr/local/libexec/gcc/x86_64-pc-linux-gnu/9.1.0/:/usr/local/libexec/gcc/x86_64-pc-linux-gnu/9.1.0/:/usr/local/libexec/gcc/x86_64-pc-linux-gnu/:/usr/local/lib/gcc/x86_64-pc-linux-gnu/9.1.0/:/usr/local/lib/gcc/x86_64-pc-linux-gnu/
LIBRARY_PATH=/usr/local/lib/../lib64/:/usr/local/lib/../lib64/:/usr/local/lib/gcc/x86_64-pc-linux-gnu/9.1.0/:/usr/local/lib/gcc/x86_64-pc-linux-gnu/9.1.0/../../../../lib64/:/lib/../lib64/:/usr/lib/../lib64/:/usr/local/lib/:/usr/local/lib/:./:/usr/local/lib/gcc/x86_64-pc-linux-gnu/9.1.0/../../../:/lib/:/usr/lib/
COLLECT_GCC_OPTIONS='-v' '-o' 'CMakeFiles/cmTC_ff935.dir/CMakeCXXCompilerABI.cpp.o' '-c' '-shared-libgcc' '-mtune=generic' '-march=x86-64'
Linking CXX executable cmTC_ff935
/usr/bin/cmake3 -E cmake_link_script CMakeFiles/cmTC_ff935.dir/link.txt --verbose=1
/usr/local/bin/g++      -v -rdynamic CMakeFiles/cmTC_ff935.dir/CMakeCXXCompilerABI.cpp.o  -o cmTC_ff935 
Using built-in specs.
COLLECT_GCC=/usr/local/bin/g++
COLLECT_LTO_WRAPPER=/usr/local/libexec/gcc/x86_64-pc-linux-gnu/9.1.0/lto-wrapper
Target: x86_64-pc-linux-gnu
Configured with: ../configure --enable-checking=release --enable-languages=c,c++ --disable-multilib
Thread model: posix
gcc version 9.1.0 (GCC) 
COMPILER_PATH=/usr/local/libexec/gcc/x86_64-pc-linux-gnu/9.1.0/:/usr/local/libexec/gcc/x86_64-pc-linux-gnu/9.1.0/:/usr/local/libexec/gcc/x86_64-pc-linux-gnu/:/usr/local/lib/gcc/x86_64-pc-linux-gnu/9.1.0/:/usr/local/lib/gcc/x86_64-pc-linux-gnu/
LIBRARY_PATH=/usr/local/lib/../lib64/:/usr/local/lib/../lib64/:/usr/local/lib/gcc/x86_64-pc-linux-gnu/9.1.0/:/usr/local/lib/gcc/x86_64-pc-linux-gnu/9.1.0/../../../../lib64/:/lib/../lib64/:/usr/lib/../lib64/:/usr/local/lib/:/usr/local/lib/:./:/usr/local/lib/gcc/x86_64-pc-linux-gnu/9.1.0/../../../:/lib/:/usr/lib/
COLLECT_GCC_OPTIONS='-v' '-rdynamic' '-o' 'cmTC_ff935' '-shared-libgcc' '-mtune=generic' '-march=x86-64'
 /usr/local/libexec/gcc/x86_64-pc-linux-gnu/9.1.0/collect2 -plugin /usr/local/libexec/gcc/x86_64-pc-linux-gnu/9.1.0/liblto_plugin.so -plugin-opt=/usr/local/libexec/gcc/x86_64-pc-linux-gnu/9.1.0/lto-wrapper -plugin-opt=-fresolution=/tmp/ccGPiTKs.res -plugin-opt=-pass-through=-lgcc_s -plugin-opt=-pass-through=-lgcc -plugin-opt=-pass-through=-lc -plugin-opt=-pass-through=-lgcc_s -plugin-opt=-pass-through=-lgcc --eh-frame-hdr -m elf_x86_64 -export-dynamic -dynamic-linker /lib64/ld-linux-x86-64.so.2 -o cmTC_ff935 /lib/../lib64/crt1.o /lib/../lib64/crti.o /usr/local/lib/gcc/x86_64-pc-linux-gnu/9.1.0/crtbegin.o -L/usr/local/lib/../lib64 -L/usr/local/lib/../lib64 -L/usr/local/lib/gcc/x86_64-pc-linux-gnu/9.1.0 -L/usr/local/lib/gcc/x86_64-pc-linux-gnu/9.1.0/../../../../lib64 -L/lib/../lib64 -L/usr/lib/../lib64 -L/usr/local/lib -L/usr/local/lib -L. -L/usr/local/lib/gcc/x86_64-pc-linux-gnu/9.1.0/../../.. CMakeFiles/cmTC_ff935.dir/CMakeCXXCompilerABI.cpp.o -lstdc++ -lm -lgcc_s -lgcc -lc -lgcc_s -lgcc /usr/local/lib/gcc/x86_64-pc-linux-gnu/9.1.0/crtend.o /lib/../lib64/crtn.o
COLLECT_GCC_OPTIONS='-v' '-rdynamic' '-o' 'cmTC_ff935' '-shared-libgcc' '-mtune=generic' '-march=x86-64'
gmake[1]: Leaving directory '/root/workspace/GameServer/02_02_network_epoll/src/tools/robots/CMakeFiles/CMakeTmp'



Parsed CXX implicit include dir info from above output: rv=done
  found start of include info
  found start of implicit include info
    add: [/usr/local/lib/gcc/x86_64-pc-linux-gnu/9.1.0/../../../../include/c++/9.1.0]
    add: [/usr/local/lib/gcc/x86_64-pc-linux-gnu/9.1.0/../../../../include/c++/9.1.0/x86_64-pc-linux-gnu]
    add: [/usr/local/lib/gcc/x86_64-pc-linux-gnu/9.1.0/../../../../include/c++/9.1.0/backward]
    add: [/usr/local/lib/gcc/x86_64-pc-linux-gnu/9.1.0/include]
    add: [/usr/local/include]
    add: [/usr/local/lib/gcc/x86_64-pc-linux-gnu/9.1.0/include-fixed]
    add: [/usr/include]
  end of search list found
  collapse include dir [/usr/local/lib/gcc/x86_64-pc-linux-gnu/9.1.0/../../../../include/c++/9.1.0] ==> [/usr/local/include/c++/9.1.0]
  collapse include dir [/usr/local/lib/gcc/x86_64-pc-linux-gnu/9.1.0/../../../../include/c++/9.1.0/x86_64-pc-linux-gnu] ==> [/usr/local/include/c++/9.1.0/x86_64-pc-linux-gnu]
  collapse include dir [/usr/local/lib/gcc/x86_64-pc-linux-gnu/9.1.0/../../../../include/c++/9.1.0/backward] ==> [/usr/local/include/c++/9.1.0/backward]
  collapse include dir [/usr/local/lib/gcc/x86_64-pc-linux-gnu/9.1.0/include] ==> [/usr/local/lib/gcc/x86_64-pc-linux-gnu/9.1.0/include]
  collapse include dir [/usr/local/include] ==> [/usr/local/include]
  collapse include dir [/usr/local/lib/gcc/x86_64-pc-linux-gnu/9.1.0/include-fixed] ==> [/usr/local/lib/gcc/x86_64-pc-linux-gnu/9.1.0/include-fixed]
  collapse include dir [/usr/include] ==> [/usr/include]
  implicit include dirs: [/usr/local/include/c++/9.1.0;/usr/local/include/c++/9.1.0/x86_64-pc-linux-gnu;/usr/local/include/c++/9.1.0/backward;/usr/local/lib/gcc/x86_64-pc-linux-gnu/9.1.0/include;/usr/local/include;/usr/local/lib/gcc/x86_64-pc-linux-gnu/9.1.0/include-fixed;/usr/include]


Parsed CXX implicit link information from above output:
  link line regex: [^( *|.*[/\])(ld|CMAKE_LINK_STARTFILE-NOTFOUND|([^/\]+-)?ld|collect2)[^/\]*( |$)]
  ignore line: [Change Dir: /root/workspace/GameServer/02_02_network_epoll/src/tools/robots/CMakeFiles/CMakeTmp]
  ignore line: []
  ignore line: [Run Build Command(s):/usr/bin/gmake cmTC_ff935/fast && /usr/bin/gmake  -f CMakeFiles/cmTC_ff935.dir/build.make CMakeFiles/cmTC_ff935.dir/build]
  ignore line: [gmake[1]: Entering directory '/root/workspace/GameServer/02_02_network_epoll/src/tools/robots/CMakeFiles/CMakeTmp']
  ignore line: [Building CXX object CMakeFiles/cmTC_ff935.dir/CMakeCXXCompilerABI.cpp.o]
  ignore line: [/usr/local/bin/g++    -v -o CMakeFiles/cmTC_ff935.dir/CMakeCXXCompilerABI.cpp.o -c /usr/share/cmake3/Modules/CMakeCXXCompilerABI.cpp]
  ignore line: [Using built-in specs.]
  ignore line: [COLLECT_GCC=/usr/local/bin/g++]
  ignore line: [Target: x86_64-pc-linux-gnu]
  ignore line: [Configured with: ../configure --enable-checking=release --enable-languages=c c++ --disable-multilib]
  ignore line: [Thread model: posix]
  ignore line: [gcc version 9.1.0 (GCC) ]
  ignore line: [COLLECT_GCC_OPTIONS='-v' '-o' 'CMakeFiles/cmTC_ff935.dir/CMakeCXXCompilerABI.cpp.o' '-c' '-shared-libgcc' '-mtune=generic' '-march=x86-64']
  ignore line: [ /usr/local/libexec/gcc/x86_64-pc-linux-gnu/9.1.0/cc1plus -quiet -v -D_GNU_SOURCE /usr/share/cmake3/Modules/CMakeCXXCompilerABI.cpp -quiet -dumpbase CMakeCXXCompilerABI.cpp -mtune=generic -march=x86-64 -auxbase-strip CMakeFiles/cmTC_ff935.dir/CMakeCXXCompilerABI.cpp.o -version -o /tmp/ccdFH6XV.s]
  ignore line: [GNU C++14 (GCC) version 9.1.0 (x86_64-pc-linux-gnu)]
  ignore line: [	compiled by GNU C version 9.1.0  GMP version 6.1.0  MPFR version 3.1.4  MPC version 1.0.3  isl version isl-0.18-GMP]
  ignore line: []
  ignore line: [GGC heuristics: --param ggc-min-expand=100 --param ggc-min-heapsize=131072]
  ignore line: [ignoring nonexistent directory "/usr/local/lib/gcc/x86_64-pc-linux-gnu/9.1.0/../../../../x86_64-pc-linux-gnu/include"]
  ignore line: [#include "..." search starts here:]
  ignore line: [#include <...> search starts here:]
  ignore line: [ /usr/local/lib/gcc/x86_64-pc-linux-gnu/9.1.0/../../../../include/c++/9.1.0]
  ignore line: [ /usr/local/lib/gcc/x86_64-pc-linux-gnu/9.1.0/../../../../include/c++/9.1.0/x86_64-pc-linux-gnu]
  ignore line: [ /usr/local/lib/gcc/x86_64-pc-linux-gnu/9.1.0/../../../../include/c++/9.1.0/backward]
  ignore line: [ /usr/local/lib/gcc/x86_64-pc-linux-gnu/9.1.0/include]
  ignore line: [ /usr/local/include]
  ignore line: [ /usr/local/lib/gcc/x86_64-pc-linux-gnu/9.1.0/include-fixed]
  ignore line: [ /usr/include]
  ignore line: [End of search list.]
  ignore line: [GNU C++14 (GCC) version 9.1.0 (x86_64-pc-linux-gnu)]
  ignore line: [	compiled by GNU C version 9.1.0  GMP version 6.1.0  MPFR version 3.1.4  MPC version 1.0.3  isl version isl-0.18-GMP]
  ignore line: []
  ignore line: [GGC heuristics: --param ggc-min-expand=100 --param ggc-min-heapsize=131072]
  ignore line: [Compiler executable checksum: b9b9483c954cb56327aff3ddfbe2d353]
  ignore line: [COLLECT_GCC_OPTIONS='-v' '-o' 'CMakeFiles/cmTC_ff935.dir/CMakeCXXCompilerABI.cpp.o' '-c' '-shared-libgcc' '-mtune=generic' '-march=x86-64']
  ignore line: [ as -v --64 -o CMakeFiles/cmTC_ff935.dir/CMakeCXXCompilerABI.cpp.o /tmp/ccdFH6XV.s]
  ignore line: [GNU assembler version 2.27 (x86_64-redhat-linux) using BFD version version 2.27-44.base.el7_9.1]
  ignore line: [COMPILER_PATH=/usr/local/libexec/gcc/x86_64-pc-linux-gnu/9.1.0/:/usr/local/libexec/gcc/x86_64-pc-linux-gnu/9.1.0/:/usr/local/libexec/gcc/x86_64-pc-linux-gnu/:/usr/local/lib/gcc/x86_64-pc-linux-gnu/9.1.0/:/usr/local/lib/gcc/x86_64-pc-linux-gnu/]
  ignore line: [LIBRARY_PATH=/usr/local/lib/../lib64/:/usr/local/lib/../lib64/:/usr/local/lib/gcc/x86_64-pc-linux-gnu/9.1.0/:/usr/local/lib/gcc/x86_64-pc-linux-gnu/9.1.0/../../../../lib64/:/lib/../lib64/:/usr/lib/../lib64/:/usr/local/lib/:/usr/local/lib/:./:/usr/local/lib/gcc/x86_64-pc-linux-gnu/9.1.0/../../../:/lib/:/usr/lib/]
  ignore line: [COLLECT_GCC_OPTIONS='-v' '-o' 'CMakeFiles/cmTC_ff935.dir/CMakeCXXCompilerABI.cpp.o' '-c' '-shared-libgcc' '-mtune=generic' '-march=x86-64']
  ignore line: [Linking CXX executable cmTC_ff935]
  ignore line: [/usr/bin/cmake3 -E cmake_link_script CMakeFiles/cmTC_ff935.dir/link.txt --verbose=1]
  ignore line: [/usr/local/bin/g++      -v -rdynamic CMakeFiles/cmTC_ff935.dir/CMakeCXXCompilerABI.cpp.o  -o cmTC_ff935 ]
  ignore line: [Using built-in specs.]
  ignore line: [COLLECT_GCC=/usr/local/bin/g++]
  ignore line: [COLLECT_LTO_WRAPPER=/usr/local/libexec/gcc/x86_64-pc-linux-gnu/9.1.0/lto-wrapper]
  ignore line: [Target: x86_64-pc-linux-gnu]
  ignore line: [Configured with: ../configure --enable-checking=release --enable-languages=c c++ --disable-multilib]
  ignore line: [Thread model: posix]
  ignore line: [gcc version 9.1.0 (GCC) ]
  ignore line: [COMPILER_PATH=/usr/local/libexec/gcc/x86_64-pc-linux-gnu/9.1.0/:/usr/local/libexec/gcc/x86_64-pc-linux-gnu/9.1.0/:/usr/local/libexec/gcc/x86_64-pc-linux-gnu/:/usr/local/lib/gcc/x86_64-pc-linux-gnu/9.1.0/:/usr/local/lib/gcc/x86_64-pc-linux-gnu/]
  ignore line: [LIBRARY_PATH=/usr/local/lib/../lib64/:/usr/local/lib/../lib64/:/usr/local/lib/gcc/x86_64-pc-linux-gnu/9.1.0/:/usr/local/lib/gcc/x86_64-pc-linux-gnu/9.1.0/../../../../lib64/:/lib/../lib64/:/usr/lib/../lib64/:/usr/local/lib/:/usr/local/lib/:./:/usr/local/lib/gcc/x86_64-pc-linux-gnu/9.1.0/../../../:/lib/:/usr/lib/]
  ignore line: [COLLECT_GCC_OPTIONS='-v' '-rdynamic' '-o' 'cmTC_ff935' '-shared-libgcc' '-mtune=generic' '-march=x86-64']
  link line: [ /usr/local/libexec/gcc/x86_64-pc-linux-gnu/9.1.0/collect2 -plugin /usr/local/libexec/gcc/x86_64-pc-linux-gnu/9.1.0/liblto_plugin.so -plugin-opt=/usr/local/libexec/gcc/x86_64-pc-linux-gnu/9.1.0/lto-wrapper -plugin-opt=-fresolution=/tmp/ccGPiTKs.res -plugin-opt=-pass-through=-lgcc_s -plugin-opt=-pass-through=-lgcc -plugin-opt=-pass-through=-lc -plugin-opt=-pass-through=-lgcc_s -plugin-opt=-pass-through=-lgcc --eh-frame-hdr -m elf_x86_64 -export-dynamic -dynamic-linker /lib64/ld-linux-x86-64.so.2 -o cmTC_ff935 /lib/../lib64/crt1.o /lib/../lib64/crti.o /usr/local/lib/gcc/x86_64-pc-linux-gnu/9.1.0/crtbegin.o -L/usr/local/lib/../lib64 -L/usr/local/lib/../lib64 -L/usr/local/lib/gcc/x86_64-pc-linux-gnu/9.1.0 -L/usr/local/lib/gcc/x86_64-pc-linux-gnu/9.1.0/../../../../lib64 -L/lib/../lib64 -L/usr/lib/../lib64 -L/usr/local/lib -L/usr/local/lib -L. -L/usr/local/lib/gcc/x86_64-pc-linux-gnu/9.1.0/../../.. CMakeFiles/cmTC_ff935.dir/CMakeCXXCompilerABI.cpp.o -lstdc++ -lm -lgcc_s -lgcc -lc -lgcc_s -lgcc /usr/local/lib/gcc/x86_64-pc-linux-gnu/9.1.0/crtend.o /lib/../lib64/crtn.o]
    arg [/usr/local/libexec/gcc/x86_64-pc-linux-gnu/9.1.0/collect2] ==> ignore
    arg [-plugin] ==> ignore
    arg [/usr/local/libexec/gcc/x86_64-pc-linux-gnu/9.1.0/liblto_plugin.so] ==> ignore
    arg [-plugin-opt=/usr/local/libexec/gcc/x86_64-pc-linux-gnu/9.1.0/lto-wrapper] ==> ignore
    arg [-plugin-opt=-fresolution=/tmp/ccGPiTKs.res] ==> ignore
    arg [-plugin-opt=-pass-through=-lgcc_s] ==> ignore
    arg [-plugin-opt=-pass-through=-lgcc] ==> ignore
    arg [-plugin-opt=-pass-through=-lc] ==> ignore
    arg [-plugin-opt=-pass-through=-lgcc_s] ==> ignore
    arg [-plugin-opt=-pass-through=-lgcc] ==> ignore
    arg [--eh-frame-hdr] ==> ignore
    arg [-m] ==> ignore
    arg [elf_x86_64] ==> ignore
    arg [-export-dynamic] ==> ignore
    arg [-dynamic-linker] ==> ignore
    arg [/lib64/ld-linux-x86-64.so.2] ==> ignore
    arg [-o] ==> ignore
    arg [cmTC_ff935] ==> ignore
    arg [/lib/../lib64/crt1.o] ==> ignore
    arg [/lib/../lib64/crti.o] ==> ignore
    arg [/usr/local/lib/gcc/x86_64-pc-linux-gnu/9.1.0/crtbegin.o] ==> ignore
    arg [-L/usr/local/lib/../lib64] ==> dir [/usr/local/lib/../lib64]
    arg [-L/usr/local/lib/../lib64] ==> dir [/usr/local/lib/../lib64]
    arg [-L/usr/local/lib/gcc/x86_64-pc-linux-gnu/9.1.0] ==> dir [/usr/local/lib/gcc/x86_64-pc-linux-gnu/9.1.0]
    arg [-L/usr/local/lib/gcc/x86_64-pc-linux-gnu/9.1.0/../../../../lib64] ==> dir [/usr/local/lib/gcc/x86_64-pc-linux-gnu/9.1.0/../../../../lib64]
    arg [-L/lib/../lib64] ==> dir [/lib/../lib64]
    arg [-L/usr/lib/../lib64] ==> dir [/usr/lib/../lib64]
    arg [-L/usr/local/lib] ==> dir [/usr/local/lib]
    arg [-L/usr/local/lib] ==> dir [/usr/local/lib]
    arg [-L.] ==> ignore
    arg [-L/usr/local/lib/gcc/x86_64-pc-linux-gnu/9.1.0/../../..] ==> dir [/usr/local/lib/gcc/x86_64-pc-linux-gnu/9.1.0/../../..]
    arg [CMakeFiles/cmTC_ff935.dir/CMakeCXXCompilerABI.cpp.o] ==> ignore
    arg [-lstdc++] ==> lib [stdc++]
    arg [-lm] ==> lib [m]
    arg [-lgcc_s] ==> lib [gcc_s]
    arg [-lgcc] ==> lib [gcc]
    arg [-lc] ==> lib [c]
    arg [-lgcc_s] ==> lib [gcc_s]
    arg [-lgcc] ==> lib [gcc]
    arg [/usr/local/lib/gcc/x86_64-pc-linux-gnu/9.1.0/crtend.o] ==> ignore
    arg [/lib/../lib64/crtn.o] ==> ignore
  collapse library dir [/usr/local/lib/../lib64] ==> [/usr/local/lib64]
  collapse library dir [/usr/local/lib/../lib64] ==> [/usr/local/lib64]
  collapse library dir [/usr/local/lib/gcc/x86_64-pc-linux-gnu/9.1.0] ==> [/usr/local/lib/gcc/x86_64-pc-linux-gnu/9.1.0]
  collapse library dir [/usr/local/lib/gcc/x86_64-pc-linux-gnu/9.1.0/../../../../lib64] ==> [/usr/local/lib64]
  collapse library dir [/lib/../lib64] ==> [/lib64]
  collapse library dir [/usr/lib/../lib64] ==> [/usr/lib64]
  collapse library dir [/usr/local/lib] ==> [/usr/local/lib]
  collapse library dir [/usr/local/lib] ==> [/usr/local/lib]
  collapse library dir [/usr/local/lib/gcc/x86_64-pc-linux-gnu/9.1.0/../../..] ==> [/usr/local/lib]
  implicit libs: [stdc++;m;gcc_s;gcc;c;gcc_s;gcc]
  implicit dirs: [/usr/local/lib64;/usr/local/lib/gcc/x86_64-pc-linux-gnu/9.1.0;/lib64;/usr/lib64;/usr/local/lib]
  implicit fwks: []


The system is: Linux - 3.10.0-1160.119.1.el7.x86_64 - x86_64
Compiling the C compiler identification source file "CMakeCCompilerId.c" succeeded.
Compiler: /usr/local/bin/gcc 
Build flags: 
Id flags: 

The output was:
0


Compilation of the C compiler identification source "CMakeCCompilerId.c" produced "a.out"

The C compiler identification is GNU, found in "/root/workspace/GameServer/02_02_network_epoll/src/tools/robots/CMakeFiles/2.8.12.2/CompilerIdC/a.out"

Compiling the CXX compiler identification source file "CMakeCXXCompilerId.cpp" succeeded.
Compiler: /usr/local/bin/g++ 
Build flags: 
Id flags: 

The output was:
0


Compilation of the CXX compiler identification source "CMakeCXXCompilerId.cpp" produced "a.out"

The CXX compiler identification is GNU, found in "/root/workspace/GameServer/02_02_network_epoll/src/tools/robots/CMakeFiles/2.8.12.2/CompilerIdCXX/a.out"

Determining if the C compiler works passed with the following output:
Change Dir: /root/workspace/GameServer/02_02_network_epoll/src/tools/robots/CMakeFiles/CMakeTmp

Run Build Command:/usr/bin/gmake "cmTryCompileExec1784034081/fast"
/usr/bin/gmake -f CMakeFiles/cmTryCompileExec1784034081.dir/build.make CMakeFiles/cmTryCompileExec1784034081.dir/build
gmake[1]: Entering directory '/root/workspace/GameServer/02_02_network_epoll/src/tools/robots/CMakeFiles/CMakeTmp'
/usr/bin/cmake -E cmake_progress_report /root/workspace/GameServer/02_02_network_epoll/src/tools/robots/CMakeFiles/CMakeTmp/CMakeFiles 1
Building C object CMakeFiles/cmTryCompileExec1784034081.dir/testCCompiler.c.o
/usr/local/bin/gcc    -o CMakeFiles/cmTryCompileExec1784034081.dir/testCCompiler.c.o   -c /root/workspace/GameServer/02_02_network_epoll/src/tools/robots/CMakeFiles/CMakeTmp/testCCompiler.c
Linking C executable cmTryCompileExec1784034081
/usr/bin/cmake -E cmake_link_script CMakeFiles/cmTryCompileExec1784034081.dir/link.txt --verbose=1
/usr/local/bin/gcc       CMakeFiles/cmTryCompileExec1784034081.dir/testCCompiler.c.o  -o cmTryCompileExec1784034081 -rdynamic 
gmake[1]: Leaving directory '/root/workspace/GameServer/02_02_network_epoll/src/tools/robots/CMakeFiles/CMakeTmp'


Detecting C compiler ABI info compiled with the following output:
Change Dir: /root/workspace/GameServer/02_02_network_epoll/src/tools/robots/CMakeFiles/CMakeTmp

Run Build Command:/usr/bin/gmake "cmTryCompileExec2503153518/fast"
/usr/bin/gmake -f CMakeFiles/cmTryCompileExec2503153518.dir/build.make CMakeFiles/cmTryCompileExec2503153518.dir/build
gmake[1]: Entering directory '/root/workspace/GameServer/02_02_network_epoll/src/tools/robots/CMakeFiles/CMakeTmp'
/usr/bin/cmake -E cmake_progress_report /root/workspace/GameServer/02_02_network_epoll/src/tools/robots/CMakeFiles/CMakeTmp/CMakeFiles 1
Building C object CMakeFiles/cmTryCompileExec2503153518.dir/CMakeCCompilerABI.c.o
/usr/local/bin/gcc    -o CMakeFiles/cmTryCompileExec2503153518.dir/CMakeCCompilerABI.c.o   -c /usr/share/cmake/Modules/CMakeCCompilerABI.c
Linking C executable cmTryCompileExec2503153518
/usr/bin/cmake -E cmake_link_script CMakeFiles/cmTryCompileExec2503153518.dir/link.txt --verbose=1
/usr/local/bin/gcc     -v CMakeFiles/cmTryCompileExec2503153518.dir/CMakeCCompilerABI.c.o  -o cmTryCompileExec2503153518 -rdynamic  
使用内建 specs。
COLLECT_GCC=/usr/local/bin/gcc
COLLECT_LTO_WRAPPER=/usr/local/libexec/gcc/x86_64-pc-linux-gnu/9.1.0/lto-wrapper
目标：x86_64-pc-linux-gnu
配置为：../configure --enable-checking=release --enable-languages=c,c++ --disable-multilib
线程模型：posix
gcc 版本 9.1.0 (GCC) 
COMPILER_PATH=/usr/local/libexec/gcc/x86_64-pc-linux-gnu/9.1.0/:/usr/local/libexec/gcc/x86_64-pc-linux-gnu/9.1.0/:/usr/local/libexec/gcc/x86_64-pc-linux-gnu/:/usr/local/lib/gcc/x86_64-pc-linux-gnu/9.1.0/:/usr/local/lib/gcc/x86_64-pc-linux-gnu/
LIBRARY_PATH=/usr/local/lib/../lib64/:/usr/local/lib/../lib64/:/usr/local/lib/gcc/x86_64-pc-linux-gnu/9.1.0/:/usr/local/lib/gcc/x86_64-pc-linux-gnu/9.1.0/../../../../lib64/:/lib/../lib64/:/usr/lib/../lib64/:/usr/local/lib/:/usr/local/lib/:./:/usr/local/lib/gcc/x86_64-pc-linux-gnu/9.1.0/../../../:/lib/:/usr/lib/
COLLECT_GCC_OPTIONS='-v' '-o' 'cmTryCompileExec2503153518' '-rdynamic' '-mtune=generic' '-march=x86-64'
 /usr/local/libexec/gcc/x86_64-pc-linux-gnu/9.1.0/collect2 -plugin /usr/local/libexec/gcc/x86_64-pc-linux-gnu/9.1.0/liblto_plugin.so -plugin-opt=/usr/local/libexec/gcc/x86_64-pc-linux-gnu/9.1.0/lto-wrapper -plugin-opt=-fresolution=/tmp/ccrqstLu.res -plugin-opt=-pass-through=-lgcc -plugin-opt=-pass-through=-lgcc_s -plugin-opt=-pass-through=-lc -plugin-opt=-pass-through=-lgcc -plugin-opt=-pass-through=-lgcc_s --eh-frame-hdr -m elf_x86_64 -export-dynamic -dynamic-linker /lib64/ld-linux-x86-64.so.2 -o cmTryCompileExec2503153518 /lib/../lib64/crt1.o /lib/../lib64/crti.o /usr/local/lib/gcc/x86_64-pc-linux-gnu/9.1.0/crtbegin.o -L/usr/local/lib/../lib64 -L/usr/local/lib/../lib64 -L/usr/local/lib/gcc/x86_64-pc-linux-gnu/9.1.0 -L/usr/local/lib/gcc/x86_64-pc-linux-gnu/9.1.0/../../../../lib64 -L/lib/../lib64 -L/usr/lib/../lib64 -L/usr/local/lib -L/usr/local/lib -L. -L/usr/local/lib/gcc/x86_64-pc-linux-gnu/9.1.0/../../.. CMakeFiles/cmTryCompileExec2503153518.dir/CMakeCCompilerABI.c.o -lgcc --as-needed -lgcc_s --no-as-needed -lc -lgcc --as-needed -lgcc_s --no-as-needed /usr/local/lib/gcc/x86_64-pc-linux-gnu/9.1.0/crtend.o /lib/../lib64/crtn.o
COLLECT_GCC_OPTIONS='-v' '-o' 'cmTryCompileExec2503153518' '-rdynamic' '-mtune=generic' '-march=x86-64'
gmake[1]: Leaving directory '/root/workspace/GameServer/02_02_network_epoll/src/tools/robots/CMakeFiles/CMakeTmp'


Parsed C implicit link information from above output:
  link line regex: [^( *|.*[/\])(ld|([^/\]+-)?ld|collect2)[^/\]*( |$)]
  ignore line: [Change Dir: /root/workspace/GameServer/02_02_network_epoll/src/tools/robots/CMakeFiles/CMakeTmp]
  ignore line: []
  ignore line: [Run Build Command:/usr/bin/gmake "cmTryCompileExec2503153518/fast"]
  ignore line: [/usr/bin/gmake -f CMakeFiles/cmTryCompileExec2503153518.dir/build.make CMakeFiles/cmTryCompileExec2503153518.dir/build]
  ignore line: [gmake[1]: Entering directory '/root/workspace/GameServer/02_02_network_epoll/src/tools/robots/CMakeFiles/CMakeTmp']
  ignore line: [/usr/bin/cmake -E cmake_progress_report /root/workspace/GameServer/02_02_network_epoll/src/tools/robots/CMakeFiles/CMakeTmp/CMakeFiles 1]
  ignore line: [Building C object CMakeFiles/cmTryCompileExec2503153518.dir/CMakeCCompilerABI.c.o]
  ignore line: [/usr/local/bin/gcc    -o CMakeFiles/cmTryCompileExec2503153518.dir/CMakeCCompilerABI.c.o   -c /usr/share/cmake/Modules/CMakeCCompilerABI.c]
  ignore line: [Linking C executable cmTryCompileExec2503153518]
  ignore line: [/usr/bin/cmake -E cmake_link_script CMakeFiles/cmTryCompileExec2503153518.dir/link.txt --verbose=1]
  ignore line: [/usr/local/bin/gcc     -v CMakeFiles/cmTryCompileExec2503153518.dir/CMakeCCompilerABI.c.o  -o cmTryCompileExec2503153518 -rdynamic  ]
  ignore line: [使用内建 specs。]
  ignore line: [COLLECT_GCC=/usr/local/bin/gcc]
  ignore line: [COLLECT_LTO_WRAPPER=/usr/local/libexec/gcc/x86_64-pc-linux-gnu/9.1.0/lto-wrapper]
  ignore line: [目标：x86_64-pc-linux-gnu]
  ignore line: [配置为：../configure --enable-checking=release --enable-languages=c,c++ --disable-multilib]
  ignore line: [线程模型：posix]
  ignore line: [gcc 版本 9.1.0 (GCC) ]
  ignore line: [COMPILER_PATH=/usr/local/libexec/gcc/x86_64-pc-linux-gnu/9.1.0/:/usr/local/libexec/gcc/x86_64-pc-linux-gnu/9.1.0/:/usr/local/libexec/gcc/x86_64-pc-linux-gnu/:/usr/local/lib/gcc/x86_64-pc-linux-gnu/9.1.0/:/usr/local/lib/gcc/x86_64-pc-linux-gnu/]
  ignore line: [LIBRARY_PATH=/usr/local/lib/../lib64/:/usr/local/lib/../lib64/:/usr/local/lib/gcc/x86_64-pc-linux-gnu/9.1.0/:/usr/local/lib/gcc/x86_64-pc-linux-gnu/9.1.0/../../../../lib64/:/lib/../lib64/:/usr/lib/../lib64/:/usr/local/lib/:/usr/local/lib/:./:/usr/local/lib/gcc/x86_64-pc-linux-gnu/9.1.0/../../../:/lib/:/usr/lib/]
  ignore line: [COLLECT_GCC_OPTIONS='-v' '-o' 'cmTryCompileExec2503153518' '-rdynamic' '-mtune=generic' '-march=x86-64']
  link line: [ /usr/local/libexec/gcc/x86_64-pc-linux-gnu/9.1.0/collect2 -plugin /usr/local/libexec/gcc/x86_64-pc-linux-gnu/9.1.0/liblto_plugin.so -plugin-opt=/usr/local/libexec/gcc/x86_64-pc-linux-gnu/9.1.0/lto-wrapper -plugin-opt=-fresolution=/tmp/ccrqstLu.res -plugin-opt=-pass-through=-lgcc -plugin-opt=-pass-through=-lgcc_s -plugin-opt=-pass-through=-lc -plugin-opt=-pass-through=-lgcc -plugin-opt=-pass-through=-lgcc_s --eh-frame-hdr -m elf_x86_64 -export-dynamic -dynamic-linker /lib64/ld-linux-x86-64.so.2 -o cmTryCompileExec2503153518 /lib/../lib64/crt1.o /lib/../lib64/crti.o /usr/local/lib/gcc/x86_64-pc-linux-gnu/9.1.0/crtbegin.o -L/usr/local/lib/../lib64 -L/usr/local/lib/../lib64 -L/usr/local/lib/gcc/x86_64-pc-linux-gnu/9.1.0 -L/usr/local/lib/gcc/x86_64-pc-linux-gnu/9.1.0/../../../../lib64 -L/lib/../lib64 -L/usr/lib/../lib64 -L/usr/local/lib -L/usr/local/lib -L. -L/usr/local/lib/gcc/x86_64-pc-linux-gnu/9.1.0/../../.. CMakeFiles/cmTryCompileExec2503153518.dir/CMakeCCompilerABI.c.o -lgcc --as-needed -lgcc_s --no-as-needed -lc -lgcc --as-needed -lgcc_s --no-as-needed /usr/local/lib/gcc/x86_64-pc-linux-gnu/9.1.0/crtend.o /lib/../lib64/crtn.o]
    arg [/usr/local/libexec/gcc/x86_64-pc-linux-gnu/9.1.0/collect2] ==> ignore
    arg [-plugin] ==> ignore
    arg [/usr/local/libexec/gcc/x86_64-pc-linux-gnu/9.1.0/liblto_plugin.so] ==> ignore
    arg [-plugin-opt=/usr/local/libexec/gcc/x86_64-pc-linux-gnu/9.1.0/lto-wrapper] ==> ignore
    arg [-plugin-opt=-fresolution=/tmp/ccrqstLu.res] ==> ignore
    arg [-plugin-opt=-pass-through=-lgcc] ==> ignore
    arg [-plugin-opt=-pass-through=-lgcc_s] ==> ignore
    arg [-plugin-opt=-pass-through=-lc] ==> ignore
    arg [-plugin-opt=-pass-through=-lgcc] ==> ignore
    arg [-plugin-opt=-pass-through=-lgcc_s] ==> ignore
    arg [--eh-frame-hdr] ==> ignore
    arg [-m] ==> ignore
    arg [elf_x86_64] ==> ignore
    arg [-export-dynamic] ==> ignore
    arg [-dynamic-linker] ==> ignore
    arg [/lib64/ld-linux-x86-64.so.2] ==> ignore
    arg [-o] ==> ignore
    arg [cmTryCompileExec2503153518] ==> ignore
    arg [/lib/../lib64/crt1.o] ==> ignore
    arg [/lib/../lib64/crti.o] ==> ignore
    arg [/usr/local/lib/gcc/x86_64-pc-linux-gnu/9.1.0/crtbegin.o] ==> ignore
    arg [-L/usr/local/lib/../lib64] ==> dir [/usr/local/lib/../lib64]
    arg [-L/usr/local/lib/../lib64] ==> dir [/usr/local/lib/../lib64]
    arg [-L/usr/local/lib/gcc/x86_64-pc-linux-gnu/9.1.0] ==> dir [/usr/local/lib/gcc/x86_64-pc-linux-gnu/9.1.0]
    arg [-L/usr/local/lib/gcc/x86_64-pc-linux-gnu/9.1.0/../../../../lib64] ==> dir [/usr/local/lib/gcc/x86_64-pc-linux-gnu/9.1.0/../../../../lib64]
    arg [-L/lib/../lib64] ==> dir [/lib/../lib64]
    arg [-L/usr/lib/../lib64] ==> dir [/usr/lib/../lib64]
    arg [-L/usr/local/lib] ==> dir [/usr/local/lib]
    arg [-L/usr/local/lib] ==> dir [/usr/local/lib]
    arg [-L.] ==> ignore
    arg [-L/usr/local/lib/gcc/x86_64-pc-linux-gnu/9.1.0/../../..] ==> dir [/usr/local/lib/gcc/x86_64-pc-linux-gnu/9.1.0/../../..]
    arg [CMakeFiles/cmTryCompileExec2503153518.dir/CMakeCCompilerABI.c.o] ==> ignore
    arg [-lgcc] ==> lib [gcc]
    arg [--as-needed] ==> ignore
    arg [-lgcc_s] ==> lib [gcc_s]
    arg [--no-as-needed] ==> ignore
    arg [-lc] ==> lib [c]
    arg [-lgcc] ==> lib [gcc]
    arg [--as-needed] ==> ignore
    arg [-lgcc_s] ==> lib [gcc_s]
    arg [--no-as-needed] ==> ignore
    arg [/usr/local/lib/gcc/x86_64-pc-linux-gnu/9.1.0/crtend.o] ==> ignore
    arg [/lib/../lib64/crtn.o] ==> ignore
  remove lib [gcc]
  remove lib [gcc_s]
  remove lib [gcc]
  remove lib [gcc_s]
  collapse library dir [/usr/local/lib/../lib64] ==> [/usr/local/lib64]
  collapse library dir [/usr/local/lib/../lib64] ==> [/usr/local/lib64]
  collapse library dir [/usr/local/lib/gcc/x86_64-pc-linux-gnu/9.1.0] ==> [/usr/local/lib/gcc/x86_64-pc-linux-gnu/9.1.0]
  collapse library dir [/usr/local/lib/gcc/x86_64-pc-linux-gnu/9.1.0/../../../../lib64] ==> [/usr/local/lib64]
  collapse library dir [/lib/../lib64] ==> [/lib64]
  collapse library dir [/usr/lib/../lib64] ==> [/usr/lib64]
  collapse library dir [/usr/local/lib] ==> [/usr/local/lib]
  collapse library dir [/usr/local/lib] ==> [/usr/local/lib]
  collapse library dir [/usr/local/lib/gcc/x86_64-pc-linux-gnu/9.1.0/../../..] ==> [/usr/local/lib]
  implicit libs: [c]
  implicit dirs: [/usr/local/lib64;/usr/local/lib/gcc/x86_64-pc-linux-gnu/9.1.0;/lib64;/usr/lib64;/usr/local/lib]
  implicit fwks: []


Determining if the CXX compiler works passed with the following output:
Change Dir: /root/workspace/GameServer/02_02_network_epoll/src/tools/robots/CMakeFiles/CMakeTmp

Run Build Command:/usr/bin/gmake "cmTryCompileExec3283333558/fast"
/usr/bin/gmake -f CMakeFiles/cmTryCompileExec3283333558.dir/build.make CMakeFiles/cmTryCompileExec3283333558.dir/build
gmake[1]: Entering directory '/root/workspace/GameServer/02_02_network_epoll/src/tools/robots/CMakeFiles/CMakeTmp'
/usr/bin/cmake -E cmake_progress_report /root/workspace/GameServer/02_02_network_epoll/src/tools/robots/CMakeFiles/CMakeTmp/CMakeFiles 1
Building CXX object CMakeFiles/cmTryCompileExec3283333558.dir/testCXXCompiler.cxx.o
/usr/local/bin/g++     -o CMakeFiles/cmTryCompileExec3283333558.dir/testCXXCompiler.cxx.o -c /root/workspace/GameServer/02_02_network_epoll/src/tools/robots/CMakeFiles/CMakeTmp/testCXXCompiler.cxx
Linking CXX executable cmTryCompileExec3283333558
/usr/bin/cmake -E cmake_link_script CMakeFiles/cmTryCompileExec3283333558.dir/link.txt --verbose=1
/usr/local/bin/g++        CMakeFiles/cmTryCompileExec3283333558.dir/testCXXCompiler.cxx.o  -o cmTryCompileExec3283333558 -rdynamic 
gmake[1]: Leaving directory '/root/workspace/GameServer/02_02_network_epoll/src/tools/robots/CMakeFiles/CMakeTmp'


Detecting CXX compiler ABI info compiled with the following output:
Change Dir: /root/workspace/GameServer/02_02_network_epoll/src/tools/robots/CMakeFiles/CMakeTmp

Run Build Command:/usr/bin/gmake "cmTryCompileExec885766366/fast"
/usr/bin/gmake -f CMakeFiles/cmTryCompileExec885766366.dir/build.make CMakeFiles/cmTryCompileExec885766366.dir/build
gmake[1]: Entering directory '/root/workspace/GameServer/02_02_network_epoll/src/tools/robots/CMakeFiles/CMakeTmp'
/usr/bin/cmake -E cmake_progress_report /root/workspace/GameServer/02_02_network_epoll/src/tools/robots/CMakeFiles/CMakeTmp/CMakeFiles 1
Building CXX object CMakeFiles/cmTryCompileExec885766366.dir/CMakeCXXCompilerABI.cpp.o
/usr/local/bin/g++     -o CMakeFiles/cmTryCompileExec885766366.dir/CMakeCXXCompilerABI.cpp.o -c /usr/share/cmake/Modules/CMakeCXXCompilerABI.cpp
Linking CXX executable cmTryCompileExec885766366
/usr/bin/cmake -E cmake_link_script CMakeFiles/cmTryCompileExec885766366.dir/link.txt --verbose=1
/usr/local/bin/g++      -v CMakeFiles/cmTryCompileExec885766366.dir/CMakeCXXCompilerABI.cpp.o  -o cmTryCompileExec885766366 -rdynamic  
使用内建 specs。
COLLECT_GCC=/usr/local/bin/g++
COLLECT_LTO_WRAPPER=/usr/local/libexec/gcc/x86_64-pc-linux-gnu/9.1.0/lto-wrapper
目标：x86_64-pc-linux-gnu
配置为：../configure --enable-checking=release --enable-languages=c,c++ --disable-multilib
线程模型：posix
gcc 版本 9.1.0 (GCC) 
COMPILER_PATH=/usr/local/libexec/gcc/x86_64-pc-linux-gnu/9.1.0/:/usr/local/libexec/gcc/x86_64-pc-linux-gnu/9.1.0/:/usr/local/libexec/gcc/x86_64-pc-linux-gnu/:/usr/local/lib/gcc/x86_64-pc-linux-gnu/9.1.0/:/usr/local/lib/gcc/x86_64-pc-linux-gnu/
LIBRARY_PATH=/usr/local/lib/../lib64/:/usr/local/lib/../lib64/:/usr/local/lib/gcc/x86_64-pc-linux-gnu/9.1.0/:/usr/local/lib/gcc/x86_64-pc-linux-gnu/9.1.0/../../../../lib64/:/lib/../lib64/:/usr/lib/../lib64/:/usr/local/lib/:/usr/local/lib/:./:/usr/local/lib/gcc/x86_64-pc-linux-gnu/9.1.0/../../../:/lib/:/usr/lib/
COLLECT_GCC_OPTIONS='-v' '-o' 'cmTryCompileExec885766366' '-rdynamic' '-shared-libgcc' '-mtune=generic' '-march=x86-64'
 /usr/local/libexec/gcc/x86_64-pc-linux-gnu/9.1.0/collect2 -plugin /usr/local/libexec/gcc/x86_64-pc-linux-gnu/9.1.0/liblto_plugin.so -plugin-opt=/usr/local/libexec/gcc/x86_64-pc-linux-gnu/9.1.0/lto-wrapper -plugin-opt=-fresolution=/tmp/cc580qBj.res -plugin-opt=-pass-through=-lgcc_s -plugin-opt=-pass-through=-lgcc -plugin-opt=-pass-through=-lc -plugin-opt=-pass-through=-lgcc_s -plugin-opt=-pass-through=-lgcc --eh-frame-hdr -m elf_x86_64 -export-dynamic -dynamic-linker /lib64/ld-linux-x86-64.so.2 -o cmTryCompileExec885766366 /lib/../lib64/crt1.o /lib/../lib64/crti.o /usr/local/lib/gcc/x86_64-pc-linux-gnu/9.1.0/crtbegin.o -L/usr/local/lib/../lib64 -L/usr/local/lib/../lib64 -L/usr/local/lib/gcc/x86_64-pc-linux-gnu/9.1.0 -L/usr/local/lib/gcc/x86_64-pc-linux-gnu/9.1.0/../../../../lib64 -L/lib/../lib64 -L/usr/lib/../lib64 -L/usr/local/lib -L/usr/local/lib -L. -L/usr/local/lib/gcc/x86_64-pc-linux-gnu/9.1.0/../../.. CMakeFiles/cmTryCompileExec885766366.dir/CMakeCXXCompilerABI.cpp.o -lstdc++ -lm -lgcc_s -lgcc -lc -lgcc_s -lgcc /usr/local/lib/gcc/x86_64-pc-linux-gnu/9.1.0/crtend.o /lib/../lib64/crtn.o
COLLECT_GCC_OPTIONS='-v' '-o' 'cmTryCompileExec885766366' '-rdynamic' '-shared-libgcc' '-mtune=generic' '-march=x86-64'
gmake[1]: Leaving directory '/root/workspace/GameServer/02_02_network_epoll/src/tools/robots/CMakeFiles/CMakeTmp'


Parsed CXX implicit link information from above output:
  link line regex: [^( *|.*[/\])(ld|([^/\]+-)?ld|collect2)[^/\]*( |$)]
  ignore line: [Change Dir: /root/workspace/GameServer/02_02_network_epoll/src/tools/robots/CMakeFiles/CMakeTmp]
  ignore line: []
  ignore line: [Run Build Command:/usr/bin/gmake "cmTryCompileExec885766366/fast"]
  ignore line: [/usr/bin/gmake -f CMakeFiles/cmTryCompileExec885766366.dir/build.make CMakeFiles/cmTryCompileExec885766366.dir/build]
  ignore line: [gmake[1]: Entering directory '/root/workspace/GameServer/02_02_network_epoll/src/tools/robots/CMakeFiles/CMakeTmp']
  ignore line: [/usr/bin/cmake -E cmake_progress_report /root/workspace/GameServer/02_02_network_epoll/src/tools/robots/CMakeFiles/CMakeTmp/CMakeFiles 1]
  ignore line: [Building CXX object CMakeFiles/cmTryCompileExec885766366.dir/CMakeCXXCompilerABI.cpp.o]
  ignore line: [/usr/local/bin/g++     -o CMakeFiles/cmTryCompileExec885766366.dir/CMakeCXXCompilerABI.cpp.o -c /usr/share/cmake/Modules/CMakeCXXCompilerABI.cpp]
  ignore line: [Linking CXX executable cmTryCompileExec885766366]
  ignore line: [/usr/bin/cmake -E cmake_link_script CMakeFiles/cmTryCompileExec885766366.dir/link.txt --verbose=1]
  ignore line: [/usr/local/bin/g++      -v CMakeFiles/cmTryCompileExec885766366.dir/CMakeCXXCompilerABI.cpp.o  -o cmTryCompileExec885766366 -rdynamic  ]
  ignore line: [使用内建 specs。]
  ignore line: [COLLECT_GCC=/usr/local/bin/g++]
  ignore line: [COLLECT_LTO_WRAPPER=/usr/local/libexec/gcc/x86_64-pc-linux-gnu/9.1.0/lto-wrapper]
  ignore line: [目标：x86_64-pc-linux-gnu]
  ignore line: [配置为：../configure --enable-checking=release --enable-languages=c,c++ --disable-multilib]
  ignore line: [线程模型：posix]
  ignore line: [gcc 版本 9.1.0 (GCC) ]
  ignore line: [COMPILER_PATH=/usr/local/libexec/gcc/x86_64-pc-linux-gnu/9.1.0/:/usr/local/libexec/gcc/x86_64-pc-linux-gnu/9.1.0/:/usr/local/libexec/gcc/x86_64-pc-linux-gnu/:/usr/local/lib/gcc/x86_64-pc-linux-gnu/9.1.0/:/usr/local/lib/gcc/x86_64-pc-linux-gnu/]
  ignore line: [LIBRARY_PATH=/usr/local/lib/../lib64/:/usr/local/lib/../lib64/:/usr/local/lib/gcc/x86_64-pc-linux-gnu/9.1.0/:/usr/local/lib/gcc/x86_64-pc-linux-gnu/9.1.0/../../../../lib64/:/lib/../lib64/:/usr/lib/../lib64/:/usr/local/lib/:/usr/local/lib/:./:/usr/local/lib/gcc/x86_64-pc-linux-gnu/9.1.0/../../../:/lib/:/usr/lib/]
  ignore line: [COLLECT_GCC_OPTIONS='-v' '-o' 'cmTryCompileExec885766366' '-rdynamic' '-shared-libgcc' '-mtune=generic' '-march=x86-64']
  link line: [ /usr/local/libexec/gcc/x86_64-pc-linux-gnu/9.1.0/collect2 -plugin /usr/local/libexec/gcc/x86_64-pc-linux-gnu/9.1.0/liblto_plugin.so -plugin-opt=/usr/local/libexec/gcc/x86_64-pc-linux-gnu/9.1.0/lto-wrapper -plugin-opt=-fresolution=/tmp/cc580qBj.res -plugin-opt=-pass-through=-lgcc_s -plugin-opt=-pass-through=-lgcc -plugin-opt=-pass-through=-lc -plugin-opt=-pass-through=-lgcc_s -plugin-opt=-pass-through=-lgcc --eh-frame-hdr -m elf_x86_64 -export-dynamic -dynamic-linker /lib64/ld-linux-x86-64.so.2 -o cmTryCompileExec885766366 /lib/../lib64/crt1.o /lib/../lib64/crti.o /usr/local/lib/gcc/x86_64-pc-linux-gnu/9.1.0/crtbegin.o -L/usr/local/lib/../lib64 -L/usr/local/lib/../lib64 -L/usr/local/lib/gcc/x86_64-pc-linux-gnu/9.1.0 -L/usr/local/lib/gcc/x86_64-pc-linux-gnu/9.1.0/../../../../lib64 -L/lib/../lib64 -L/usr/lib/../lib64 -L/usr/local/lib -L/usr/local/lib -L. -L/usr/local/lib/gcc/x86_64-pc-linux-gnu/9.1.0/../../.. CMakeFiles/cmTryCompileExec885766366.dir/CMakeCXXCompilerABI.cpp.o -lstdc++ -lm -lgcc_s -lgcc -lc -lgcc_s -lgcc /usr/local/lib/gcc/x86_64-pc-linux-gnu/9.1.0/crtend.o /lib/../lib64/crtn.o]
    arg [/usr/local/libexec/gcc/x86_64-pc-linux-gnu/9.1.0/collect2] ==> ignore
    arg [-plugin] ==> ignore
    arg [/usr/local/libexec/gcc/x86_64-pc-linux-gnu/9.1.0/liblto_plugin.so] ==> ignore
    arg [-plugin-opt=/usr/local/libexec/gcc/x86_64-pc-linux-gnu/9.1.0/lto-wrapper] ==> ignore
    arg [-plugin-opt=-fresolution=/tmp/cc580qBj.res] ==> ignore
    arg [-plugin-opt=-pass-through=-lgcc_s] ==> ignore
    arg [-plugin-opt=-pass-through=-lgcc] ==> ignore
    arg [-plugin-opt=-pass-through=-lc] ==> ignore
    arg [-plugin-opt=-pass-through=-lgcc_s] ==> ignore
    arg [-plugin-opt=-pass-through=-lgcc] ==> ignore
    arg [--eh-frame-hdr] ==> ignore
    arg [-m] ==> ignore
    arg [elf_x86_64] ==> ignore
    arg [-export-dynamic] ==> ignore
    arg [-dynamic-linker] ==> ignore
    arg [/lib64/ld-linux-x86-64.so.2] ==> ignore
    arg [-o] ==> ignore
    arg [cmTryCompileExec885766366] ==> ignore
    arg [/lib/../lib64/crt1.o] ==> ignore
    arg [/lib/../lib64/crti.o] ==> ignore
    arg [/usr/local/lib/gcc/x86_64-pc-linux-gnu/9.1.0/crtbegin.o] ==> ignore
    arg [-L/usr/local/lib/../lib64] ==> dir [/usr/local/lib/../lib64]
    arg [-L/usr/local/lib/../lib64] ==> dir [/usr/local/lib/../lib64]
    arg [-L/usr/local/lib/gcc/x86_64-pc-linux-gnu/9.1.0] ==> dir [/usr/local/lib/gcc/x86_64-pc-linux-gnu/9.1.0]
    arg [-L/usr/local/lib/gcc/x86_64-pc-linux-gnu/9.1.0/../../../../lib64] ==> dir [/usr/local/lib/gcc/x86_64-pc-linux-gnu/9.1.0/../../../../lib64]
    arg [-L/lib/../lib64] ==> dir [/lib/../lib64]
    arg [-L/usr/lib/../lib64] ==> dir [/usr/lib/../lib64]
    arg [-L/usr/local/lib] ==> dir [/usr/local/lib]
    arg [-L/usr/local/lib] ==> dir [/usr/local/lib]
    arg [-L.] ==> ignore
    arg [-L/usr/local/lib/gcc/x86_64-pc-linux-gnu/9.1.0/../../..] ==> dir [/usr/local/lib/gcc/x86_64-pc-linux-gnu/9.1.0/../../..]
    arg [CMakeFiles/cmTryCompileExec885766366.dir/CMakeCXXCompilerABI.cpp.o] ==> ignore
    arg [-lstdc++] ==> lib [stdc++]
    arg [-lm] ==> lib [m]
    arg [-lgcc_s] ==> lib [gcc_s]
    arg [-lgcc] ==> lib [gcc]
    arg [-lc] ==> lib [c]
    arg [-lgcc_s] ==> lib [gcc_s]
    arg [-lgcc] ==> lib [gcc]
    arg [/usr/local/lib/gcc/x86_64-pc-linux-gnu/9.1.0/crtend.o] ==> ignore
    arg [/lib/../lib64/crtn.o] ==> ignore
  remove lib [gcc_s]
  remove lib [gcc]
  remove lib [gcc_s]
  remove lib [gcc]
  collapse library dir [/usr/local/lib/../lib64] ==> [/usr/local/lib64]
  collapse library dir [/usr/local/lib/../lib64] ==> [/usr/local/lib64]
  collapse library dir [/usr/local/lib/gcc/x86_64-pc-linux-gnu/9.1.0] ==> [/usr/local/lib/gcc/x86_64-pc-linux-gnu/9.1.0]
  collapse library dir [/usr/local/lib/gcc/x86_64-pc-linux-gnu/9.1.0/../../../../lib64] ==> [/usr/local/lib64]
  collapse library dir [/lib/../lib64] ==> [/lib64]
  collapse library dir [/usr/lib/../lib64] ==> [/usr/lib64]
  collapse library dir [/usr/local/lib] ==> [/usr/local/lib]
  collapse library dir [/usr/local/lib] ==> [/usr/local/lib]
  collapse library dir [/usr/local/lib/gcc/x86_64-pc-linux-gnu/9.1.0/../../..] ==> [/usr/local/lib]
  implicit libs: [stdc++;m;c]
  implicit dirs: [/usr/local/lib64;/usr/local/lib/gcc/x86_64-pc-linux-gnu/9.1.0;/lib64;/usr/lib64;/usr/local/lib]
  implicit fwks: []


