2024-08-16 22:56:04 -> [DEBUG] -  Log4::Initialize is Ok.
2024-08-16 22:56:04 -> [INFO] -  epoll model. listen 127.0.0.1:2233
2024-08-16 22:56:10 -> [DEBUG] -  HandlePlayerListToDBRs account: test, player size:1
2024-08-16 22:56:34 -> [DEBUG] -  HandlePlayerListToDBRs account: test3, player size:0
2024-08-16 22:56:34 -> [DEBUG] -  HandlePlayerListToDBRs account: test9, player size:0
2024-08-16 22:56:34 -> [DEBUG] -  HandlePlayerListToDBRs account: test7, player size:0
2024-08-16 22:56:34 -> [DEBUG] -  HandlePlayerListToDBRs account: test6, player size:0
2024-08-16 22:56:34 -> [DEBUG] -  HandlePlayerListToDBRs account: test4, player size:0
2024-08-16 22:56:34 -> [DEBUG] -  HandlePlayerListToDBRs account: test2, player size:0
2024-08-16 22:56:34 -> [DEBUG] -  HandlePlayerListToDBRs account: test5, player size:0
2024-08-16 22:56:34 -> [DEBUG] -  HandlePlayerListToDBRs account: test1, player size:1
2024-08-16 22:56:34 -> [DEBUG] -  HandlePlayerListToDBRs account: test10, player size:0
2024-08-16 22:56:34 -> [DEBUG] -  HandlePlayerListToDBRs account: test8, player size:0
2024-08-16 22:56:34 -> [DEBUG] -  create. account: test3name: test3-6728 gender:2
2024-08-16 22:56:34 -> [DEBUG] -  create. account: test9name: test9-6728 gender:2
2024-08-16 22:56:34 -> [DEBUG] -  create. account: test7name: test7-5212 gender:2
2024-08-16 22:56:34 -> [DEBUG] -  create. account: test2name: test2-8369 gender:1
2024-08-16 22:56:34 -> [DEBUG] -  create. account: test5name: test5-8369 gender:1
2024-08-16 22:56:34 -> [DEBUG] -  create. account: test8name: test8-8369 gender:1
2024-08-16 22:56:34 -> [DEBUG] -  create. account: test4name: test4-5212 gender:2
2024-08-16 22:56:34 -> [DEBUG] -  create. account: test10name: test10-5212 gender:2
2024-08-16 22:56:34 -> [DEBUG] -  create. account: test6name: test6-6728 gender:2
2024-08-16 22:56:35 -> [DEBUG] -  HandlePlayerListToDBRs account: test3, player size:1
2024-08-16 22:56:35 -> [DEBUG] -  HandlePlayerListToDBRs account: test9, player size:1
2024-08-16 22:56:35 -> [DEBUG] -  HandlePlayerListToDBRs account: test7, player size:1
2024-08-16 22:56:35 -> [DEBUG] -  HandlePlayerListToDBRs account: test2, player size:1
2024-08-16 22:56:35 -> [DEBUG] -  HandlePlayerListToDBRs account: test5, player size:1
2024-08-16 22:56:35 -> [DEBUG] -  HandlePlayerListToDBRs account: test8, player size:1
2024-08-16 22:56:35 -> [DEBUG] -  HandlePlayerListToDBRs account: test4, player size:1
2024-08-16 22:56:35 -> [DEBUG] -  HandlePlayerListToDBRs account: test10, player size:1
2024-08-16 22:56:35 -> [DEBUG] -  HandlePlayerListToDBRs account: test6, player size:1
