2024-08-25 09:47:21 -> [DEBUG] -  Log4::Initialize is Ok.
2024-08-25 09:47:21 -> [DEBUG] -  Initialize thread: LogicThread thread num: 1
2024-08-25 09:47:21 -> [DEBUG] -  Initialize thread: MysqlThread thread num: 2
2024-08-25 09:47:21 -> [DEBUG] -  Initialize thread: ListenThread thread num: 1
2024-08-25 09:47:21 -> [DEBUG] -  MysqlConnector::Awake. id:140238561089280
2024-08-25 09:47:21 -> [DEBUG] -  MysqlConnector::Awake. id:140238552696576
2024-08-25 09:47:21 -> [INFO] -  epoll model. listen 127.0.0.1:2233
2024-08-25 09:47:21 -> [DEBUG] -  MysqlConnector::Connect. 127.0.0.1:33060starting... id :140238552696576
2024-08-25 09:47:21 -> [DEBUG] -  MysqlConnector::Connect. 127.0.0.1:33060starting... id :140238561089280
2024-08-25 09:47:21 -> [DEBUG] -  MysqlConnector::Connect: successfully! addr: 127.0.0.1:33060
2024-08-25 09:47:21 -> [DEBUG] -  	MysqlConnector::InitStmts successfully!
2024-08-25 09:47:21 -> [DEBUG] -  MysqlConnector::Connect: successfully! addr: 127.0.0.1:33060
2024-08-25 09:47:21 -> [DEBUG] -  	MysqlConnector::InitStmts successfully!
2024-08-25 09:47:37 -> [DEBUG] -  Log4::Initialize is Ok.
2024-08-25 09:47:37 -> [DEBUG] -  Initialize thread: LogicThread thread num: 1
2024-08-25 09:47:37 -> [DEBUG] -  Initialize thread: MysqlThread thread num: 2
2024-08-25 09:47:37 -> [DEBUG] -  Initialize thread: ListenThread thread num: 1
2024-08-25 09:47:37 -> [DEBUG] -  MysqlConnector::Awake. id:140737190926080
2024-08-25 09:47:37 -> [DEBUG] -  MysqlConnector::Awake. id:140737182533376
2024-08-25 09:47:37 -> [INFO] -  epoll model. listen 127.0.0.1:2233
2024-08-25 09:47:37 -> [DEBUG] -  MysqlConnector::Connect. 127.0.0.1:33060starting... id :140737182533376
2024-08-25 09:47:37 -> [DEBUG] -  MysqlConnector::Connect. 127.0.0.1:33060starting... id :140737190926080
2024-08-25 09:47:37 -> [DEBUG] -  MysqlConnector::Connect: successfully! addr: 127.0.0.1:33060
2024-08-25 09:47:37 -> [DEBUG] -  MysqlConnector::Connect: successfully! addr: 127.0.0.1:33060
2024-08-25 09:47:37 -> [DEBUG] -  	MysqlConnector::InitStmts successfully!
2024-08-25 09:47:37 -> [DEBUG] -  	MysqlConnector::InitStmts successfully!
2024-08-25 09:52:10 -> [DEBUG] -  Log4::Initialize is Ok.
2024-08-25 09:52:10 -> [DEBUG] -  Initialize thread: LogicThread thread num: 1
2024-08-25 09:52:10 -> [DEBUG] -  Initialize thread: MysqlThread thread num: 2
2024-08-25 09:52:10 -> [DEBUG] -  Initialize thread: ListenThread thread num: 1
2024-08-25 09:52:10 -> [DEBUG] -  MysqlConnector::Awake. id:140318863259392
2024-08-25 09:52:10 -> [DEBUG] -  MysqlConnector::Awake. id:140318854866688
2024-08-25 09:52:10 -> [ERROR] -  [0;31m::bind failed. err:98[0m
2024-08-25 09:52:10 -> [DEBUG] -  MysqlConnector::Connect. 127.0.0.1:33060starting... id :140318854866688
2024-08-25 09:52:10 -> [DEBUG] -  MysqlConnector::Connect. 127.0.0.1:33060starting... id :140318863259392
2024-08-25 09:52:10 -> [DEBUG] -  MysqlConnector::Connect: successfully! addr: 127.0.0.1:33060
2024-08-25 09:52:10 -> [DEBUG] -  MysqlConnector::Connect: successfully! addr: 127.0.0.1:33060
2024-08-25 09:52:10 -> [DEBUG] -  	MysqlConnector::InitStmts successfully!
2024-08-25 09:52:10 -> [DEBUG] -  	MysqlConnector::InitStmts successfully!
2024-08-25 09:52:36 -> [DEBUG] -  Log4::Initialize is Ok.
2024-08-25 09:52:36 -> [DEBUG] -  Initialize thread: LogicThread thread num: 1
2024-08-25 09:52:36 -> [DEBUG] -  Initialize thread: MysqlThread thread num: 2
2024-08-25 09:52:36 -> [DEBUG] -  Initialize thread: ListenThread thread num: 1
2024-08-25 09:52:36 -> [DEBUG] -  MysqlConnector::Awake. id:140737190926080
2024-08-25 09:52:36 -> [DEBUG] -  MysqlConnector::Awake. id:140737182533376
2024-08-25 09:52:36 -> [INFO] -  epoll model. listen 127.0.0.1:2233
2024-08-25 09:52:36 -> [DEBUG] -  MysqlConnector::Connect. 127.0.0.1:33060starting... id :140737182533376
2024-08-25 09:52:37 -> [DEBUG] -  MysqlConnector::Connect. 127.0.0.1:33060starting... id :140737190926080
2024-08-25 09:52:37 -> [DEBUG] -  MysqlConnector::Connect: successfully! addr: 127.0.0.1:33060
2024-08-25 09:52:37 -> [DEBUG] -  	MysqlConnector::InitStmts successfully!
2024-08-25 09:52:37 -> [DEBUG] -  MysqlConnector::Connect: successfully! addr: 127.0.0.1:33060
2024-08-25 09:52:37 -> [DEBUG] -  	MysqlConnector::InitStmts successfully!
2024-08-25 09:52:48 -> [DEBUG] -  player list. account: test3 player list size: 1 socket:0
2024-08-25 09:52:48 -> [DEBUG] -  player list. account: test8 player list size: 1 socket:0
2024-08-25 09:52:48 -> [DEBUG] -  player list. account: test13 player list size: 1 socket:0
2024-08-25 09:52:48 -> [DEBUG] -  HandlePlayerListToDBRs account: test3, player size:1
2024-08-25 09:52:48 -> [DEBUG] -  HandlePlayerListToDBRs account: test8, player size:1
2024-08-25 09:52:48 -> [DEBUG] -  HandlePlayerListToDBRs account: test13, player size:1
2024-08-25 09:52:56 -> [DEBUG] -  player list. account: test23 player list size: 1 socket:0
2024-08-25 09:52:56 -> [DEBUG] -  player list. account: test18 player list size: 1 socket:0
2024-08-25 09:52:56 -> [DEBUG] -  player list. account: test33 player list size: 1 socket:0
2024-08-25 09:52:56 -> [DEBUG] -  player list. account: test28 player list size: 1 socket:0
2024-08-25 09:52:56 -> [DEBUG] -  player list. account: test43 player list size: 1 socket:0
2024-08-25 09:52:56 -> [DEBUG] -  player list. account: test38 player list size: 1 socket:0
2024-08-25 09:52:56 -> [DEBUG] -  player list. account: test48 player list size: 1 socket:0
2024-08-25 09:52:56 -> [DEBUG] -  player list. account: test53 player list size: 1 socket:0
2024-08-25 09:52:56 -> [DEBUG] -  player list. account: test58 player list size: 1 socket:0
2024-08-25 09:52:56 -> [DEBUG] -  player list. account: test63 player list size: 1 socket:0
2024-08-25 09:52:56 -> [DEBUG] -  player list. account: test73 player list size: 1 socket:0
2024-08-25 09:52:56 -> [DEBUG] -  player list. account: test68 player list size: 1 socket:0
2024-08-25 09:52:56 -> [DEBUG] -  player list. account: test83 player list size: 1 socket:0
2024-08-25 09:52:56 -> [DEBUG] -  player list. account: test78 player list size: 1 socket:0
2024-08-25 09:52:56 -> [DEBUG] -  player list. account: test93 player list size: 1 socket:0
2024-08-25 09:52:56 -> [DEBUG] -  player list. account: test88 player list size: 1 socket:0
2024-08-25 09:52:56 -> [DEBUG] -  player list. account: test4 player list size: 1 socket:0
2024-08-25 09:52:56 -> [DEBUG] -  player list. account: test98 player list size: 1 socket:0
2024-08-25 09:52:56 -> [DEBUG] -  player list. account: test14 player list size: 1 socket:0
2024-08-25 09:52:56 -> [DEBUG] -  player list. account: test9 player list size: 1 socket:0
2024-08-25 09:52:56 -> [DEBUG] -  player list. account: test24 player list size: 1 socket:0
2024-08-25 09:52:56 -> [DEBUG] -  player list. account: test19 player list size: 1 socket:0
2024-08-25 09:52:56 -> [DEBUG] -  player list. account: test1 player list size: 1 socket:0
2024-08-25 09:52:56 -> [DEBUG] -  player list. account: test29 player list size: 1 socket:0
2024-08-25 09:52:56 -> [DEBUG] -  player list. account: test6 player list size: 1 socket:0
2024-08-25 09:52:56 -> [DEBUG] -  player list. account: test34 player list size: 1 socket:0
2024-08-25 09:52:56 -> [DEBUG] -  player list. account: test11 player list size: 1 socket:0
2024-08-25 09:52:56 -> [DEBUG] -  player list. account: test39 player list size: 1 socket:0
2024-08-25 09:52:56 -> [DEBUG] -  player list. account: test16 player list size: 1 socket:0
2024-08-25 09:52:56 -> [DEBUG] -  player list. account: test44 player list size: 1 socket:0
2024-08-25 09:52:56 -> [DEBUG] -  player list. account: test21 player list size: 1 socket:0
2024-08-25 09:52:56 -> [DEBUG] -  player list. account: test26 player list size: 1 socket:0
2024-08-25 09:52:56 -> [DEBUG] -  player list. account: test31 player list size: 1 socket:0
2024-08-25 09:52:56 -> [DEBUG] -  player list. account: test36 player list size: 1 socket:0
2024-08-25 09:52:56 -> [DEBUG] -  player list. account: test41 player list size: 1 socket:0
2024-08-25 09:52:56 -> [DEBUG] -  player list. account: test46 player list size: 1 socket:0
2024-08-25 09:52:56 -> [DEBUG] -  player list. account: test2 player list size: 1 socket:0
2024-08-25 09:52:56 -> [DEBUG] -  player list. account: test7 player list size: 1 socket:0
2024-08-25 09:52:56 -> [DEBUG] -  player list. account: test12 player list size: 1 socket:0
2024-08-25 09:52:56 -> [DEBUG] -  player list. account: test51 player list size: 1 socket:0
2024-08-25 09:52:56 -> [DEBUG] -  player list. account: test56 player list size: 1 socket:0
2024-08-25 09:52:56 -> [DEBUG] -  player list. account: test22 player list size: 1 socket:0
2024-08-25 09:52:56 -> [DEBUG] -  player list. account: test17 player list size: 1 socket:0
2024-08-25 09:52:56 -> [DEBUG] -  player list. account: test27 player list size: 1 socket:0
2024-08-25 09:52:56 -> [DEBUG] -  HandlePlayerListToDBRs account: test23, player size:1
2024-08-25 09:52:56 -> [DEBUG] -  HandlePlayerListToDBRs account: test18, player size:1
2024-08-25 09:52:56 -> [DEBUG] -  HandlePlayerListToDBRs account: test33, player size:1
2024-08-25 09:52:56 -> [DEBUG] -  HandlePlayerListToDBRs account: test28, player size:1
2024-08-25 09:52:56 -> [DEBUG] -  HandlePlayerListToDBRs account: test43, player size:1
2024-08-25 09:52:56 -> [DEBUG] -  player list. account: test66 player list size: 1 socket:0
2024-08-25 09:52:56 -> [DEBUG] -  player list. account: test61 player list size: 1 socket:0
2024-08-25 09:52:56 -> [DEBUG] -  player list. account: test54 player list size: 1 socket:0
2024-08-25 09:52:56 -> [DEBUG] -  player list. account: test49 player list size: 1 socket:0
2024-08-25 09:52:56 -> [DEBUG] -  player list. account: test59 player list size: 1 socket:0
2024-08-25 09:52:56 -> [DEBUG] -  HandlePlayerListToDBRs account: test38, player size:1
2024-08-25 09:52:56 -> [DEBUG] -  HandlePlayerListToDBRs account: test48, player size:1
2024-08-25 09:52:56 -> [DEBUG] -  HandlePlayerListToDBRs account: test53, player size:1
2024-08-25 09:52:56 -> [DEBUG] -  HandlePlayerListToDBRs account: test58, player size:1
2024-08-25 09:52:56 -> [DEBUG] -  HandlePlayerListToDBRs account: test63, player size:1
2024-08-25 09:52:56 -> [DEBUG] -  HandlePlayerListToDBRs account: test73, player size:1
2024-08-25 09:52:56 -> [DEBUG] -  HandlePlayerListToDBRs account: test68, player size:1
2024-08-25 09:52:56 -> [DEBUG] -  player list. account: test64 player list size: 1 socket:0
2024-08-25 09:52:56 -> [DEBUG] -  player list. account: test71 player list size: 1 socket:0
2024-08-25 09:52:56 -> [DEBUG] -  player list. account: test81 player list size: 1 socket:0
2024-08-25 09:52:56 -> [DEBUG] -  HandlePlayerListToDBRs account: test83, player size:1
2024-08-25 09:52:56 -> [DEBUG] -  HandlePlayerListToDBRs account: test78, player size:1
2024-08-25 09:52:56 -> [DEBUG] -  player list. account: test86 player list size: 1 socket:0
2024-08-25 09:52:56 -> [DEBUG] -  HandlePlayerListToDBRs account: test93, player size:1
2024-08-25 09:52:56 -> [DEBUG] -  HandlePlayerListToDBRs account: test88, player size:1
2024-08-25 09:52:56 -> [DEBUG] -  player list. account: test52 player list size: 1 socket:0
2024-08-25 09:52:56 -> [DEBUG] -  player list. account: test76 player list size: 1 socket:0
2024-08-25 09:52:56 -> [DEBUG] -  player list. account: test10 player list size: 1 socket:0
2024-08-25 09:52:56 -> [DEBUG] -  HandlePlayerListToDBRs account: test4, player size:1
2024-08-25 09:52:56 -> [DEBUG] -  HandlePlayerListToDBRs account: test98, player size:1
2024-08-25 09:52:56 -> [DEBUG] -  HandlePlayerListToDBRs account: test14, player size:1
2024-08-25 09:52:56 -> [DEBUG] -  HandlePlayerListToDBRs account: test9, player size:1
2024-08-25 09:52:56 -> [DEBUG] -  HandlePlayerListToDBRs account: test24, player size:1
2024-08-25 09:52:56 -> [DEBUG] -  HandlePlayerListToDBRs account: test19, player size:1
2024-08-25 09:52:56 -> [DEBUG] -  HandlePlayerListToDBRs account: test1, player size:1
2024-08-25 09:52:56 -> [DEBUG] -  player list. account: test32 player list size: 1 socket:0
2024-08-25 09:52:56 -> [DEBUG] -  player list. account: test20 player list size: 1 socket:0
2024-08-25 09:52:56 -> [DEBUG] -  player list. account: test37 player list size: 1 socket:0
2024-08-25 09:52:56 -> [DEBUG] -  player list. account: test25 player list size: 1 socket:0
2024-08-25 09:52:56 -> [DEBUG] -  HandlePlayerListToDBRs account: test29, player size:1
2024-08-25 09:52:56 -> [DEBUG] -  HandlePlayerListToDBRs account: test6, player size:1
2024-08-25 09:52:56 -> [DEBUG] -  HandlePlayerListToDBRs account: test34, player size:1
2024-08-25 09:52:56 -> [DEBUG] -  HandlePlayerListToDBRs account: test11, player size:1
2024-08-25 09:52:56 -> [DEBUG] -  player list. account: test69 player list size: 1 socket:0
2024-08-25 09:52:56 -> [DEBUG] -  player list. account: test91 player list size: 1 socket:0
2024-08-25 09:52:56 -> [DEBUG] -  HandlePlayerListToDBRs account: test39, player size:1
2024-08-25 09:52:56 -> [DEBUG] -  HandlePlayerListToDBRs account: test16, player size:1
2024-08-25 09:52:56 -> [DEBUG] -  HandlePlayerListToDBRs account: test44, player size:1
2024-08-25 09:52:56 -> [DEBUG] -  HandlePlayerListToDBRs account: test21, player size:1
2024-08-25 09:52:56 -> [DEBUG] -  player list. account: test57 player list size: 1 socket:0
2024-08-25 09:52:56 -> [DEBUG] -  player list. account: test42 player list size: 1 socket:0
2024-08-25 09:52:57 -> [DEBUG] -  HandlePlayerListToDBRs account: test26, player size:1
2024-08-25 09:52:57 -> [DEBUG] -  HandlePlayerListToDBRs account: test31, player size:1
2024-08-25 09:52:57 -> [DEBUG] -  HandlePlayerListToDBRs account: test36, player size:1
2024-08-25 09:52:57 -> [DEBUG] -  HandlePlayerListToDBRs account: test41, player size:1
2024-08-25 09:52:57 -> [DEBUG] -  HandlePlayerListToDBRs account: test46, player size:1
2024-08-25 09:52:57 -> [DEBUG] -  player list. account: test47 player list size: 1 socket:0
2024-08-25 09:52:57 -> [DEBUG] -  HandlePlayerListToDBRs account: test2, player size:1
2024-08-25 09:52:57 -> [DEBUG] -  HandlePlayerListToDBRs account: test7, player size:1
2024-08-25 09:52:57 -> [DEBUG] -  HandlePlayerListToDBRs account: test12, player size:1
2024-08-25 09:52:57 -> [DEBUG] -  HandlePlayerListToDBRs account: test51, player size:1
2024-08-25 09:52:57 -> [DEBUG] -  HandlePlayerListToDBRs account: test56, player size:1
2024-08-25 09:52:57 -> [DEBUG] -  HandlePlayerListToDBRs account: test22, player size:1
2024-08-25 09:52:57 -> [DEBUG] -  HandlePlayerListToDBRs account: test17, player size:1
2024-08-25 09:52:57 -> [DEBUG] -  HandlePlayerListToDBRs account: test27, player size:1
2024-08-25 09:52:57 -> [DEBUG] -  player list. account: test5 player list size: 1 socket:0
2024-08-25 09:52:57 -> [DEBUG] -  player list. account: test84 player list size: 1 socket:0
2024-08-25 09:52:57 -> [DEBUG] -  HandlePlayerListToDBRs account: test66, player size:1
2024-08-25 09:52:57 -> [DEBUG] -  HandlePlayerListToDBRs account: test61, player size:1
2024-08-25 09:52:57 -> [DEBUG] -  player list. account: test89 player list size: 1 socket:0
2024-08-25 09:52:57 -> [DEBUG] -  player list. account: test15 player list size: 1 socket:0
2024-08-25 09:52:57 -> [DEBUG] -  HandlePlayerListToDBRs account: test54, player size:1
2024-08-25 09:52:57 -> [DEBUG] -  HandlePlayerListToDBRs account: test49, player size:1
2024-08-25 09:52:57 -> [DEBUG] -  HandlePlayerListToDBRs account: test59, player size:1
2024-08-25 09:52:57 -> [DEBUG] -  HandlePlayerListToDBRs account: test64, player size:1
2024-08-25 09:52:57 -> [DEBUG] -  HandlePlayerListToDBRs account: test71, player size:1
2024-08-25 09:52:57 -> [DEBUG] -  HandlePlayerListToDBRs account: test81, player size:1
2024-08-25 09:52:57 -> [DEBUG] -  HandlePlayerListToDBRs account: test86, player size:1
2024-08-25 09:52:57 -> [DEBUG] -  HandlePlayerListToDBRs account: test52, player size:1
2024-08-25 09:52:57 -> [DEBUG] -  HandlePlayerListToDBRs account: test76, player size:1
2024-08-25 09:52:57 -> [DEBUG] -  HandlePlayerListToDBRs account: test10, player size:1
2024-08-25 09:52:57 -> [DEBUG] -  player list. account: test67 player list size: 1 socket:0
2024-08-25 09:52:57 -> [DEBUG] -  player list. account: test74 player list size: 1 socket:0
2024-08-25 09:52:57 -> [DEBUG] -  HandlePlayerListToDBRs account: test32, player size:1
2024-08-25 09:52:57 -> [DEBUG] -  HandlePlayerListToDBRs account: test20, player size:1
2024-08-25 09:52:57 -> [DEBUG] -  HandlePlayerListToDBRs account: test37, player size:1
2024-08-25 09:52:57 -> [DEBUG] -  HandlePlayerListToDBRs account: test25, player size:1
2024-08-25 09:52:57 -> [DEBUG] -  HandlePlayerListToDBRs account: test69, player size:1
2024-08-25 09:52:57 -> [DEBUG] -  HandlePlayerListToDBRs account: test91, player size:1
2024-08-25 09:52:57 -> [DEBUG] -  player list. account: test79 player list size: 1 socket:0
2024-08-25 09:52:57 -> [DEBUG] -  player list. account: test72 player list size: 1 socket:0
2024-08-25 09:52:57 -> [DEBUG] -  HandlePlayerListToDBRs account: test57, player size:1
2024-08-25 09:52:57 -> [DEBUG] -  player list. account: test96 player list size: 1 socket:0
2024-08-25 09:52:57 -> [DEBUG] -  HandlePlayerListToDBRs account: test42, player size:1
2024-08-25 09:52:57 -> [DEBUG] -  player list. account: test82 player list size: 1 socket:0
2024-08-25 09:52:57 -> [DEBUG] -  player list. account: test62 player list size: 1 socket:0
2024-08-25 09:52:57 -> [DEBUG] -  HandlePlayerListToDBRs account: test47, player size:1
2024-08-25 09:52:57 -> [DEBUG] -  HandlePlayerListToDBRs account: test5, player size:1
2024-08-25 09:52:57 -> [DEBUG] -  player list. account: test92 player list size: 1 socket:0
2024-08-25 09:52:57 -> [DEBUG] -  HandlePlayerListToDBRs account: test84, player size:1
2024-08-25 09:52:57 -> [DEBUG] -  HandlePlayerListToDBRs account: test89, player size:1
2024-08-25 09:52:57 -> [DEBUG] -  HandlePlayerListToDBRs account: test15, player size:1
2024-08-25 09:52:57 -> [DEBUG] -  player list. account: test94 player list size: 1 socket:0
2024-08-25 09:52:57 -> [DEBUG] -  player list. account: test30 player list size: 1 socket:0
2024-08-25 09:52:57 -> [DEBUG] -  HandlePlayerListToDBRs account: test67, player size:1
2024-08-25 09:52:57 -> [DEBUG] -  HandlePlayerListToDBRs account: test74, player size:1
2024-08-25 09:52:57 -> [DEBUG] -  HandlePlayerListToDBRs account: test79, player size:1
2024-08-25 09:52:57 -> [DEBUG] -  HandlePlayerListToDBRs account: test72, player size:1
2024-08-25 09:52:57 -> [DEBUG] -  HandlePlayerListToDBRs account: test96, player size:1
2024-08-25 09:52:57 -> [DEBUG] -  HandlePlayerListToDBRs account: test82, player size:1
2024-08-25 09:52:57 -> [DEBUG] -  HandlePlayerListToDBRs account: test62, player size:1
2024-08-25 09:52:57 -> [DEBUG] -  HandlePlayerListToDBRs account: test92, player size:1
2024-08-25 09:52:57 -> [DEBUG] -  player list. account: test40 player list size: 1 socket:0
2024-08-25 09:52:57 -> [DEBUG] -  player list. account: test99 player list size: 1 socket:0
2024-08-25 09:52:57 -> [DEBUG] -  player list. account: test50 player list size: 1 socket:0
2024-08-25 09:52:57 -> [DEBUG] -  player list. account: test77 player list size: 1 socket:0
2024-08-25 09:52:57 -> [DEBUG] -  HandlePlayerListToDBRs account: test94, player size:1
2024-08-25 09:52:57 -> [DEBUG] -  player list. account: test60 player list size: 1 socket:0
2024-08-25 09:52:57 -> [DEBUG] -  player list. account: test70 player list size: 1 socket:0
2024-08-25 09:52:57 -> [DEBUG] -  player list. account: test87 player list size: 1 socket:0
2024-08-25 09:52:57 -> [DEBUG] -  player list. account: test80 player list size: 1 socket:0
2024-08-25 09:52:57 -> [DEBUG] -  HandlePlayerListToDBRs account: test30, player size:1
2024-08-25 09:52:57 -> [DEBUG] -  HandlePlayerListToDBRs account: test40, player size:1
2024-08-25 09:52:57 -> [DEBUG] -  player list. account: test97 player list size: 1 socket:0
2024-08-25 09:52:57 -> [DEBUG] -  HandlePlayerListToDBRs account: test99, player size:1
2024-08-25 09:52:57 -> [DEBUG] -  HandlePlayerListToDBRs account: test50, player size:1
2024-08-25 09:52:57 -> [DEBUG] -  player list. account: test35 player list size: 1 socket:0
2024-08-25 09:52:57 -> [DEBUG] -  HandlePlayerListToDBRs account: test77, player size:1
2024-08-25 09:52:57 -> [DEBUG] -  HandlePlayerListToDBRs account: test60, player size:1
2024-08-25 09:52:57 -> [DEBUG] -  HandlePlayerListToDBRs account: test70, player size:1
2024-08-25 09:52:57 -> [DEBUG] -  HandlePlayerListToDBRs account: test87, player size:1
2024-08-25 09:52:57 -> [DEBUG] -  player list. account: test45 player list size: 1 socket:0
2024-08-25 09:52:57 -> [DEBUG] -  player list. account: test90 player list size: 1 socket:0
2024-08-25 09:52:57 -> [DEBUG] -  player list. account: test55 player list size: 1 socket:0
2024-08-25 09:52:57 -> [DEBUG] -  HandlePlayerListToDBRs account: test80, player size:1
2024-08-25 09:52:57 -> [DEBUG] -  player list. account: test65 player list size: 1 socket:0
2024-08-25 09:52:57 -> [DEBUG] -  HandlePlayerListToDBRs account: test97, player size:1
2024-08-25 09:52:57 -> [DEBUG] -  player list. account: test75 player list size: 1 socket:0
2024-08-25 09:52:57 -> [DEBUG] -  player list. account: test100 player list size: 1 socket:0
2024-08-25 09:52:57 -> [DEBUG] -  HandlePlayerListToDBRs account: test35, player size:1
2024-08-25 09:52:57 -> [DEBUG] -  player list. account: test85 player list size: 1 socket:0
2024-08-25 09:52:57 -> [DEBUG] -  HandlePlayerListToDBRs account: test45, player size:1
2024-08-25 09:52:57 -> [DEBUG] -  HandlePlayerListToDBRs account: test90, player size:1
2024-08-25 09:52:57 -> [DEBUG] -  HandlePlayerListToDBRs account: test55, player size:1
2024-08-25 09:52:57 -> [DEBUG] -  player list. account: test95 player list size: 1 socket:0
2024-08-25 09:52:57 -> [DEBUG] -  HandlePlayerListToDBRs account: test65, player size:1
2024-08-25 09:52:57 -> [DEBUG] -  HandlePlayerListToDBRs account: test75, player size:1
2024-08-25 09:52:57 -> [DEBUG] -  HandlePlayerListToDBRs account: test100, player size:1
2024-08-25 09:52:57 -> [DEBUG] -  HandlePlayerListToDBRs account: test85, player size:1
2024-08-25 09:52:57 -> [DEBUG] -  HandlePlayerListToDBRs account: test95, player size:1
2024-08-25 09:55:48 -> [DEBUG] -  Log4::Initialize is Ok.
2024-08-25 09:55:48 -> [DEBUG] -  Initialize thread: LogicThread thread num: 1
2024-08-25 09:55:48 -> [DEBUG] -  Initialize thread: MysqlThread thread num: 2
2024-08-25 09:55:48 -> [DEBUG] -  Initialize thread: ListenThread thread num: 1
2024-08-25 09:55:48 -> [DEBUG] -  MysqlConnector::Awake. id:140737190926080
2024-08-25 09:55:48 -> [ERROR] -  [0;31m::bind failed. err:98[0m
2024-08-25 09:55:48 -> [DEBUG] -  MysqlConnector::Awake. id:140737182533376
2024-08-25 09:55:48 -> [DEBUG] -  MysqlConnector::Connect. 127.0.0.1:33060starting... id :140737182533376
2024-08-25 09:55:48 -> [DEBUG] -  MysqlConnector::Connect. 127.0.0.1:33060starting... id :140737190926080
2024-08-25 09:55:48 -> [DEBUG] -  MysqlConnector::Connect: successfully! addr: 127.0.0.1:33060
2024-08-25 09:55:48 -> [DEBUG] -  MysqlConnector::Connect: successfully! addr: 127.0.0.1:33060
2024-08-25 09:55:48 -> [DEBUG] -  	MysqlConnector::InitStmts successfully!
2024-08-25 09:55:48 -> [DEBUG] -  	MysqlConnector::InitStmts successfully!
2024-08-25 09:56:18 -> [DEBUG] -  Log4::Initialize is Ok.
2024-08-25 09:56:18 -> [DEBUG] -  Initialize thread: LogicThread thread num: 1
2024-08-25 09:56:18 -> [DEBUG] -  Initialize thread: MysqlThread thread num: 2
2024-08-25 09:56:18 -> [DEBUG] -  Initialize thread: ListenThread thread num: 1
2024-08-25 09:56:18 -> [DEBUG] -  MysqlConnector::Awake. id:140737182533376
2024-08-25 09:56:18 -> [DEBUG] -  MysqlConnector::Awake. id:140737190926080
2024-08-25 09:56:18 -> [ERROR] -  [0;31m::bind failed. err:98[0m
2024-08-25 09:56:18 -> [DEBUG] -  MysqlConnector::Connect. 127.0.0.1:33060starting... id :140737190926080
2024-08-25 09:56:19 -> [DEBUG] -  MysqlConnector::Connect. 127.0.0.1:33060starting... id :140737182533376
2024-08-25 09:56:19 -> [DEBUG] -  MysqlConnector::Connect: successfully! addr: 127.0.0.1:33060
2024-08-25 09:56:19 -> [DEBUG] -  	MysqlConnector::InitStmts successfully!
2024-08-25 09:56:19 -> [DEBUG] -  MysqlConnector::Connect: successfully! addr: 127.0.0.1:33060
2024-08-25 09:56:19 -> [DEBUG] -  	MysqlConnector::InitStmts successfully!
2024-08-25 09:56:39 -> [DEBUG] -  Log4::Initialize is Ok.
2024-08-25 09:56:39 -> [DEBUG] -  Initialize thread: LogicThread thread num: 1
2024-08-25 09:56:39 -> [DEBUG] -  Initialize thread: MysqlThread thread num: 2
2024-08-25 09:56:39 -> [DEBUG] -  Initialize thread: ListenThread thread num: 1
2024-08-25 09:56:39 -> [DEBUG] -  MysqlConnector::Awake. id:140737190926080
2024-08-25 09:56:39 -> [DEBUG] -  MysqlConnector::Awake. id:140737182533376
2024-08-25 09:56:39 -> [DEBUG] -  MysqlConnector::Connect. 127.0.0.1:33060starting... id :140737182533376
2024-08-25 09:56:39 -> [INFO] -  epoll model. listen 127.0.0.1:2233
2024-08-25 09:56:39 -> [DEBUG] -  MysqlConnector::Connect. 127.0.0.1:33060starting... id :140737190926080
2024-08-25 09:56:39 -> [DEBUG] -  MysqlConnector::Connect: successfully! addr: 127.0.0.1:33060
2024-08-25 09:56:39 -> [DEBUG] -  MysqlConnector::Connect: successfully! addr: 127.0.0.1:33060
2024-08-25 09:56:39 -> [DEBUG] -  	MysqlConnector::InitStmts successfully!
2024-08-25 09:56:39 -> [DEBUG] -  	MysqlConnector::InitStmts successfully!
2024-08-25 09:56:51 -> [DEBUG] -  player list. account: test1 player list size: 1 socket:0
2024-08-25 09:56:51 -> [DEBUG] -  player list. account: test6 player list size: 1 socket:0
2024-08-25 09:56:51 -> [DEBUG] -  HandlePlayerListToDBRs account: test1, player size:1
2024-08-25 09:56:51 -> [DEBUG] -  HandlePlayerListToDBRs account: test6, player size:1
2024-08-25 09:56:59 -> [DEBUG] -  player list. account: test16 player list size: 1 socket:0
2024-08-25 09:56:59 -> [DEBUG] -  player list. account: test11 player list size: 1 socket:0
2024-08-25 09:56:59 -> [DEBUG] -  player list. account: test21 player list size: 1 socket:0
2024-08-25 09:56:59 -> [DEBUG] -  player list. account: test26 player list size: 1 socket:0
2024-08-25 09:56:59 -> [DEBUG] -  player list. account: test31 player list size: 1 socket:0
2024-08-25 09:56:59 -> [DEBUG] -  HandlePlayerListToDBRs account: test16, player size:1
2024-08-25 09:56:59 -> [DEBUG] -  player list. account: test36 player list size: 1 socket:0
2024-08-25 09:56:59 -> [DEBUG] -  player list. account: test41 player list size: 1 socket:0
2024-08-25 09:56:59 -> [DEBUG] -  HandlePlayerListToDBRs account: test11, player size:1
2024-08-25 09:56:59 -> [DEBUG] -  player list. account: test46 player list size: 1 socket:0
2024-08-25 09:56:59 -> [DEBUG] -  player list. account: test51 player list size: 1 socket:0
2024-08-25 09:56:59 -> [DEBUG] -  player list. account: test56 player list size: 1 socket:0
2024-08-25 09:56:59 -> [DEBUG] -  player list. account: test61 player list size: 1 socket:0
2024-08-25 09:56:59 -> [DEBUG] -  player list. account: test66 player list size: 1 socket:0
2024-08-25 09:56:59 -> [DEBUG] -  player list. account: test71 player list size: 1 socket:0
2024-08-25 09:56:59 -> [DEBUG] -  player list. account: test76 player list size: 1 socket:0
2024-08-25 09:56:59 -> [DEBUG] -  player list. account: test81 player list size: 1 socket:0
2024-08-25 09:56:59 -> [DEBUG] -  HandlePlayerListToDBRs account: test21, player size:1
2024-08-25 09:56:59 -> [DEBUG] -  player list. account: test91 player list size: 1 socket:0
2024-08-25 09:56:59 -> [DEBUG] -  player list. account: test86 player list size: 1 socket:0
2024-08-25 09:56:59 -> [DEBUG] -  player list. account: test5 player list size: 1 socket:0
2024-08-25 09:56:59 -> [DEBUG] -  player list. account: test96 player list size: 1 socket:0
2024-08-25 09:56:59 -> [DEBUG] -  player list. account: test15 player list size: 1 socket:0
2024-08-25 09:56:59 -> [DEBUG] -  player list. account: test10 player list size: 1 socket:0
2024-08-25 09:56:59 -> [DEBUG] -  player list. account: test25 player list size: 1 socket:0
2024-08-25 09:56:59 -> [DEBUG] -  player list. account: test20 player list size: 1 socket:0
2024-08-25 09:56:59 -> [DEBUG] -  player list. account: test35 player list size: 1 socket:0
2024-08-25 09:56:59 -> [DEBUG] -  player list. account: test30 player list size: 1 socket:0
2024-08-25 09:56:59 -> [DEBUG] -  player list. account: test45 player list size: 1 socket:0
2024-08-25 09:56:59 -> [DEBUG] -  player list. account: test40 player list size: 1 socket:0
2024-08-25 09:56:59 -> [DEBUG] -  player list. account: test55 player list size: 1 socket:0
2024-08-25 09:56:59 -> [DEBUG] -  player list. account: test50 player list size: 1 socket:0
2024-08-25 09:56:59 -> [DEBUG] -  player list. account: test65 player list size: 1 socket:0
2024-08-25 09:56:59 -> [DEBUG] -  player list. account: test60 player list size: 1 socket:0
2024-08-25 09:56:59 -> [DEBUG] -  player list. account: test75 player list size: 1 socket:0
2024-08-25 09:56:59 -> [DEBUG] -  player list. account: test70 player list size: 1 socket:0
2024-08-25 09:56:59 -> [DEBUG] -  player list. account: test90 player list size: 1 socket:0
2024-08-25 09:56:59 -> [DEBUG] -  player list. account: test80 player list size: 1 socket:0
2024-08-25 09:56:59 -> [DEBUG] -  player list. account: test100 player list size: 1 socket:0
2024-08-25 09:56:59 -> [DEBUG] -  player list. account: test85 player list size: 1 socket:0
2024-08-25 09:56:59 -> [DEBUG] -  player list. account: test7 player list size: 1 socket:0
2024-08-25 09:56:59 -> [DEBUG] -  player list. account: test95 player list size: 1 socket:0
2024-08-25 09:56:59 -> [DEBUG] -  player list. account: test17 player list size: 1 socket:0
2024-08-25 09:56:59 -> [DEBUG] -  player list. account: test2 player list size: 1 socket:0
2024-08-25 09:56:59 -> [DEBUG] -  player list. account: test22 player list size: 1 socket:0
2024-08-25 09:56:59 -> [DEBUG] -  player list. account: test12 player list size: 1 socket:0
2024-08-25 09:56:59 -> [DEBUG] -  player list. account: test3 player list size: 1 socket:0
2024-08-25 09:56:59 -> [DEBUG] -  player list. account: test27 player list size: 1 socket:0
2024-08-25 09:56:59 -> [DEBUG] -  player list. account: test8 player list size: 1 socket:0
2024-08-25 09:56:59 -> [DEBUG] -  player list. account: test32 player list size: 1 socket:0
2024-08-25 09:56:59 -> [DEBUG] -  player list. account: test18 player list size: 1 socket:0
2024-08-25 09:56:59 -> [DEBUG] -  player list. account: test13 player list size: 1 socket:0
2024-08-25 09:56:59 -> [DEBUG] -  player list. account: test28 player list size: 1 socket:0
2024-08-25 09:56:59 -> [DEBUG] -  player list. account: test23 player list size: 1 socket:0
2024-08-25 09:56:59 -> [DEBUG] -  player list. account: test38 player list size: 1 socket:0
2024-08-25 09:56:59 -> [DEBUG] -  player list. account: test33 player list size: 1 socket:0
2024-08-25 09:56:59 -> [DEBUG] -  player list. account: test47 player list size: 1 socket:0
2024-08-25 09:56:59 -> [DEBUG] -  HandlePlayerListToDBRs account: test26, player size:1
2024-08-25 09:56:59 -> [DEBUG] -  player list. account: test37 player list size: 1 socket:0
2024-08-25 09:56:59 -> [DEBUG] -  HandlePlayerListToDBRs account: test31, player size:1
2024-08-25 09:56:59 -> [DEBUG] -  HandlePlayerListToDBRs account: test36, player size:1
2024-08-25 09:56:59 -> [DEBUG] -  player list. account: test57 player list size: 1 socket:0
2024-08-25 09:56:59 -> [DEBUG] -  HandlePlayerListToDBRs account: test41, player size:1
2024-08-25 09:56:59 -> [DEBUG] -  HandlePlayerListToDBRs account: test46, player size:1
2024-08-25 09:56:59 -> [DEBUG] -  HandlePlayerListToDBRs account: test51, player size:1
2024-08-25 09:56:59 -> [DEBUG] -  HandlePlayerListToDBRs account: test56, player size:1
2024-08-25 09:56:59 -> [DEBUG] -  HandlePlayerListToDBRs account: test61, player size:1
2024-08-25 09:56:59 -> [DEBUG] -  HandlePlayerListToDBRs account: test66, player size:1
2024-08-25 09:56:59 -> [DEBUG] -  HandlePlayerListToDBRs account: test71, player size:1
2024-08-25 09:56:59 -> [DEBUG] -  player list. account: test42 player list size: 1 socket:0
2024-08-25 09:56:59 -> [DEBUG] -  player list. account: test43 player list size: 1 socket:0
2024-08-25 09:56:59 -> [DEBUG] -  player list. account: test52 player list size: 1 socket:0
2024-08-25 09:56:59 -> [DEBUG] -  HandlePlayerListToDBRs account: test76, player size:1
2024-08-25 09:56:59 -> [DEBUG] -  HandlePlayerListToDBRs account: test81, player size:1
2024-08-25 09:56:59 -> [DEBUG] -  HandlePlayerListToDBRs account: test91, player size:1
2024-08-25 09:56:59 -> [DEBUG] -  HandlePlayerListToDBRs account: test86, player size:1
2024-08-25 09:56:59 -> [DEBUG] -  HandlePlayerListToDBRs account: test5, player size:1
2024-08-25 09:56:59 -> [DEBUG] -  HandlePlayerListToDBRs account: test96, player size:1
2024-08-25 09:56:59 -> [DEBUG] -  HandlePlayerListToDBRs account: test15, player size:1
2024-08-25 09:56:59 -> [DEBUG] -  HandlePlayerListToDBRs account: test10, player size:1
2024-08-25 09:56:59 -> [DEBUG] -  HandlePlayerListToDBRs account: test25, player size:1
2024-08-25 09:56:59 -> [DEBUG] -  HandlePlayerListToDBRs account: test20, player size:1
2024-08-25 09:56:59 -> [DEBUG] -  HandlePlayerListToDBRs account: test35, player size:1
2024-08-25 09:56:59 -> [DEBUG] -  HandlePlayerListToDBRs account: test30, player size:1
2024-08-25 09:56:59 -> [DEBUG] -  HandlePlayerListToDBRs account: test45, player size:1
2024-08-25 09:56:59 -> [DEBUG] -  player list. account: test62 player list size: 1 socket:0
2024-08-25 09:56:59 -> [DEBUG] -  HandlePlayerListToDBRs account: test40, player size:1
2024-08-25 09:56:59 -> [DEBUG] -  HandlePlayerListToDBRs account: test55, player size:1
2024-08-25 09:56:59 -> [DEBUG] -  HandlePlayerListToDBRs account: test50, player size:1
2024-08-25 09:56:59 -> [DEBUG] -  player list. account: test48 player list size: 1 socket:0
2024-08-25 09:56:59 -> [DEBUG] -  player list. account: test53 player list size: 1 socket:0
2024-08-25 09:56:59 -> [DEBUG] -  HandlePlayerListToDBRs account: test65, player size:1
2024-08-25 09:56:59 -> [DEBUG] -  player list. account: test58 player list size: 1 socket:0
2024-08-25 09:56:59 -> [DEBUG] -  player list. account: test67 player list size: 1 socket:0
2024-08-25 09:56:59 -> [DEBUG] -  HandlePlayerListToDBRs account: test60, player size:1
2024-08-25 09:56:59 -> [DEBUG] -  HandlePlayerListToDBRs account: test75, player size:1
2024-08-25 09:56:59 -> [DEBUG] -  player list. account: test72 player list size: 1 socket:0
2024-08-25 09:56:59 -> [DEBUG] -  player list. account: test77 player list size: 1 socket:0
2024-08-25 09:56:59 -> [DEBUG] -  player list. account: test63 player list size: 1 socket:0
2024-08-25 09:56:59 -> [DEBUG] -  HandlePlayerListToDBRs account: test70, player size:1
2024-08-25 09:56:59 -> [DEBUG] -  player list. account: test82 player list size: 1 socket:0
2024-08-25 09:56:59 -> [DEBUG] -  HandlePlayerListToDBRs account: test90, player size:1
2024-08-25 09:56:59 -> [DEBUG] -  player list. account: test68 player list size: 1 socket:0
2024-08-25 09:56:59 -> [DEBUG] -  player list. account: test73 player list size: 1 socket:0
2024-08-25 09:56:59 -> [DEBUG] -  player list. account: test87 player list size: 1 socket:0
2024-08-25 09:56:59 -> [DEBUG] -  player list. account: test97 player list size: 1 socket:0
2024-08-25 09:56:59 -> [DEBUG] -  player list. account: test92 player list size: 1 socket:0
2024-08-25 09:56:59 -> [DEBUG] -  player list. account: test83 player list size: 1 socket:0
2024-08-25 09:56:59 -> [DEBUG] -  player list. account: test78 player list size: 1 socket:0
2024-08-25 09:56:59 -> [DEBUG] -  player list. account: test88 player list size: 1 socket:0
2024-08-25 09:56:59 -> [DEBUG] -  HandlePlayerListToDBRs account: test80, player size:1
2024-08-25 09:56:59 -> [DEBUG] -  HandlePlayerListToDBRs account: test100, player size:1
2024-08-25 09:56:59 -> [DEBUG] -  HandlePlayerListToDBRs account: test85, player size:1
2024-08-25 09:56:59 -> [DEBUG] -  HandlePlayerListToDBRs account: test7, player size:1
2024-08-25 09:56:59 -> [DEBUG] -  HandlePlayerListToDBRs account: test95, player size:1
2024-08-25 09:56:59 -> [DEBUG] -  HandlePlayerListToDBRs account: test17, player size:1
2024-08-25 09:56:59 -> [DEBUG] -  HandlePlayerListToDBRs account: test2, player size:1
2024-08-25 09:56:59 -> [DEBUG] -  player list. account: test93 player list size: 1 socket:0
2024-08-25 09:56:59 -> [DEBUG] -  player list. account: test4 player list size: 1 socket:0
2024-08-25 09:56:59 -> [DEBUG] -  player list. account: test19 player list size: 1 socket:0
2024-08-25 09:56:59 -> [DEBUG] -  HandlePlayerListToDBRs account: test22, player size:1
2024-08-25 09:56:59 -> [DEBUG] -  HandlePlayerListToDBRs account: test12, player size:1
2024-08-25 09:56:59 -> [DEBUG] -  HandlePlayerListToDBRs account: test3, player size:1
2024-08-25 09:56:59 -> [DEBUG] -  HandlePlayerListToDBRs account: test27, player size:1
2024-08-25 09:56:59 -> [DEBUG] -  HandlePlayerListToDBRs account: test8, player size:1
2024-08-25 09:56:59 -> [DEBUG] -  HandlePlayerListToDBRs account: test32, player size:1
2024-08-25 09:56:59 -> [DEBUG] -  player list. account: test9 player list size: 1 socket:0
2024-08-25 09:56:59 -> [DEBUG] -  player list. account: test24 player list size: 1 socket:0
2024-08-25 09:56:59 -> [DEBUG] -  HandlePlayerListToDBRs account: test18, player size:1
2024-08-25 09:56:59 -> [DEBUG] -  HandlePlayerListToDBRs account: test13, player size:1
2024-08-25 09:56:59 -> [DEBUG] -  player list. account: test14 player list size: 1 socket:0
2024-08-25 09:56:59 -> [DEBUG] -  HandlePlayerListToDBRs account: test28, player size:1
2024-08-25 09:56:59 -> [DEBUG] -  HandlePlayerListToDBRs account: test23, player size:1
2024-08-25 09:56:59 -> [DEBUG] -  HandlePlayerListToDBRs account: test38, player size:1
2024-08-25 09:56:59 -> [DEBUG] -  player list. account: test34 player list size: 1 socket:0
2024-08-25 09:56:59 -> [DEBUG] -  player list. account: test98 player list size: 1 socket:0
2024-08-25 09:56:59 -> [DEBUG] -  player list. account: test44 player list size: 1 socket:0
2024-08-25 09:56:59 -> [DEBUG] -  HandlePlayerListToDBRs account: test33, player size:1
2024-08-25 09:56:59 -> [DEBUG] -  player list. account: test29 player list size: 1 socket:0
2024-08-25 09:56:59 -> [DEBUG] -  player list. account: test54 player list size: 1 socket:0
2024-08-25 09:56:59 -> [DEBUG] -  player list. account: test39 player list size: 1 socket:0
2024-08-25 09:56:59 -> [DEBUG] -  player list. account: test69 player list size: 1 socket:0
2024-08-25 09:56:59 -> [DEBUG] -  player list. account: test49 player list size: 1 socket:0
2024-08-25 09:56:59 -> [DEBUG] -  HandlePlayerListToDBRs account: test47, player size:1
2024-08-25 09:56:59 -> [DEBUG] -  HandlePlayerListToDBRs account: test37, player size:1
2024-08-25 09:56:59 -> [DEBUG] -  HandlePlayerListToDBRs account: test57, player size:1
2024-08-25 09:56:59 -> [DEBUG] -  HandlePlayerListToDBRs account: test42, player size:1
2024-08-25 09:56:59 -> [DEBUG] -  HandlePlayerListToDBRs account: test43, player size:1
2024-08-25 09:56:59 -> [DEBUG] -  player list. account: test59 player list size: 1 socket:0
2024-08-25 09:56:59 -> [DEBUG] -  player list. account: test79 player list size: 1 socket:0
2024-08-25 09:56:59 -> [DEBUG] -  HandlePlayerListToDBRs account: test52, player size:1
2024-08-25 09:56:59 -> [DEBUG] -  HandlePlayerListToDBRs account: test62, player size:1
2024-08-25 09:56:59 -> [DEBUG] -  HandlePlayerListToDBRs account: test48, player size:1
2024-08-25 09:56:59 -> [DEBUG] -  HandlePlayerListToDBRs account: test53, player size:1
2024-08-25 09:56:59 -> [DEBUG] -  HandlePlayerListToDBRs account: test58, player size:1
2024-08-25 09:56:59 -> [DEBUG] -  HandlePlayerListToDBRs account: test67, player size:1
2024-08-25 09:56:59 -> [DEBUG] -  HandlePlayerListToDBRs account: test72, player size:1
2024-08-25 09:56:59 -> [DEBUG] -  HandlePlayerListToDBRs account: test77, player size:1
2024-08-25 09:56:59 -> [DEBUG] -  HandlePlayerListToDBRs account: test63, player size:1
2024-08-25 09:56:59 -> [DEBUG] -  HandlePlayerListToDBRs account: test82, player size:1
2024-08-25 09:56:59 -> [DEBUG] -  HandlePlayerListToDBRs account: test68, player size:1
2024-08-25 09:56:59 -> [DEBUG] -  HandlePlayerListToDBRs account: test73, player size:1
2024-08-25 09:56:59 -> [DEBUG] -  player list. account: test89 player list size: 1 socket:0
2024-08-25 09:56:59 -> [DEBUG] -  player list. account: test64 player list size: 1 socket:0
2024-08-25 09:56:59 -> [DEBUG] -  HandlePlayerListToDBRs account: test87, player size:1
2024-08-25 09:56:59 -> [DEBUG] -  HandlePlayerListToDBRs account: test97, player size:1
2024-08-25 09:56:59 -> [DEBUG] -  HandlePlayerListToDBRs account: test92, player size:1
2024-08-25 09:56:59 -> [DEBUG] -  HandlePlayerListToDBRs account: test83, player size:1
2024-08-25 09:56:59 -> [DEBUG] -  HandlePlayerListToDBRs account: test78, player size:1
2024-08-25 09:56:59 -> [DEBUG] -  HandlePlayerListToDBRs account: test88, player size:1
2024-08-25 09:56:59 -> [DEBUG] -  HandlePlayerListToDBRs account: test93, player size:1
2024-08-25 09:56:59 -> [DEBUG] -  HandlePlayerListToDBRs account: test4, player size:1
2024-08-25 09:56:59 -> [DEBUG] -  HandlePlayerListToDBRs account: test19, player size:1
2024-08-25 09:56:59 -> [DEBUG] -  HandlePlayerListToDBRs account: test9, player size:1
2024-08-25 09:56:59 -> [DEBUG] -  HandlePlayerListToDBRs account: test24, player size:1
2024-08-25 09:56:59 -> [DEBUG] -  HandlePlayerListToDBRs account: test14, player size:1
2024-08-25 09:56:59 -> [DEBUG] -  HandlePlayerListToDBRs account: test34, player size:1
2024-08-25 09:56:59 -> [DEBUG] -  HandlePlayerListToDBRs account: test98, player size:1
2024-08-25 09:56:59 -> [DEBUG] -  HandlePlayerListToDBRs account: test44, player size:1
2024-08-25 09:56:59 -> [DEBUG] -  HandlePlayerListToDBRs account: test29, player size:1
2024-08-25 09:56:59 -> [DEBUG] -  HandlePlayerListToDBRs account: test54, player size:1
2024-08-25 09:56:59 -> [DEBUG] -  HandlePlayerListToDBRs account: test39, player size:1
2024-08-25 09:56:59 -> [DEBUG] -  player list. account: test74 player list size: 1 socket:0
2024-08-25 09:56:59 -> [DEBUG] -  player list. account: test99 player list size: 1 socket:0
2024-08-25 09:56:59 -> [DEBUG] -  HandlePlayerListToDBRs account: test69, player size:1
2024-08-25 09:56:59 -> [DEBUG] -  HandlePlayerListToDBRs account: test49, player size:1
2024-08-25 09:56:59 -> [DEBUG] -  player list. account: test84 player list size: 1 socket:0
2024-08-25 09:56:59 -> [DEBUG] -  HandlePlayerListToDBRs account: test79, player size:1
2024-08-25 09:56:59 -> [DEBUG] -  HandlePlayerListToDBRs account: test59, player size:1
2024-08-25 09:56:59 -> [DEBUG] -  HandlePlayerListToDBRs account: test89, player size:1
2024-08-25 09:56:59 -> [DEBUG] -  HandlePlayerListToDBRs account: test64, player size:1
2024-08-25 09:56:59 -> [DEBUG] -  HandlePlayerListToDBRs account: test74, player size:1
2024-08-25 09:56:59 -> [DEBUG] -  HandlePlayerListToDBRs account: test99, player size:1
2024-08-25 09:56:59 -> [DEBUG] -  player list. account: test94 player list size: 1 socket:0
2024-08-25 09:56:59 -> [DEBUG] -  HandlePlayerListToDBRs account: test84, player size:1
2024-08-25 09:56:59 -> [DEBUG] -  HandlePlayerListToDBRs account: test94, player size:1
2024-08-25 09:57:34 -> [DEBUG] -  Log4::Initialize is Ok.
2024-08-25 09:57:36 -> [DEBUG] -  Initialize thread: LogicThread thread num: 1
2024-08-25 09:57:37 -> [DEBUG] -  Initialize thread: MysqlThread thread num: 2
2024-08-25 09:57:37 -> [DEBUG] -  Initialize thread: ListenThread thread num: 1
2024-08-25 09:57:38 -> [DEBUG] -  MysqlConnector::Awake. id:263948032
2024-08-25 09:57:38 -> [DEBUG] -  MysqlConnector::Awake. id:255555328
2024-08-25 09:57:39 -> [DEBUG] -  MysqlConnector::Connect. 127.0.0.1:33060starting... id :255555328
2024-08-25 09:57:38 -> [INFO] -  epoll model. listen 127.0.0.1:2233
2024-08-25 09:57:41 -> [DEBUG] -  MysqlConnector::Connect. 127.0.0.1:33060starting... id :263948032
2024-08-25 09:57:45 -> [DEBUG] -  MysqlConnector::Connect: successfully! addr: 127.0.0.1:33060
2024-08-25 09:57:45 -> [DEBUG] -  	MysqlConnector::InitStmts successfully!
2024-08-25 09:57:46 -> [DEBUG] -  MysqlConnector::Connect: successfully! addr: 127.0.0.1:33060
2024-08-25 09:57:46 -> [DEBUG] -  	MysqlConnector::InitStmts successfully!
2024-08-25 09:57:54 -> [DEBUG] -  player list. account: test player list size: 1 socket:0
2024-08-25 09:57:54 -> [DEBUG] -  HandlePlayerListToDBRs account: test, player size:1
2024-08-25 10:02:48 -> [DEBUG] -  Log4::Initialize is Ok.
2024-08-25 10:02:51 -> [DEBUG] -  Initialize thread: LogicThread thread num: 1
2024-08-25 10:02:51 -> [DEBUG] -  Initialize thread: MysqlThread thread num: 2
2024-08-25 10:02:51 -> [DEBUG] -  Initialize thread: ListenThread thread num: 1
2024-08-25 10:02:52 -> [INFO] -  epoll model. listen 127.0.0.1:2233
2024-08-25 10:02:52 -> [DEBUG] -  MysqlConnector::Awake. id:263948032
2024-08-25 10:02:52 -> [DEBUG] -  MysqlConnector::Awake. id:255555328
2024-08-25 10:02:53 -> [DEBUG] -  MysqlConnector::Connect. 127.0.0.1:33060starting... id :255555328
2024-08-25 10:02:57 -> [DEBUG] -  MysqlConnector::Connect. 127.0.0.1:33060starting... id :263948032
2024-08-25 10:02:58 -> [DEBUG] -  MysqlConnector::Connect: successfully! addr: 127.0.0.1:33060
2024-08-25 10:02:59 -> [DEBUG] -  	MysqlConnector::InitStmts successfully!
2024-08-25 10:02:59 -> [DEBUG] -  MysqlConnector::Connect: successfully! addr: 127.0.0.1:33060
2024-08-25 10:02:59 -> [DEBUG] -  	MysqlConnector::InitStmts successfully!
2024-08-25 10:03:09 -> [DEBUG] -  player list. account: test player list size: 1 socket:0
2024-08-25 10:03:09 -> [DEBUG] -  HandlePlayerListToDBRs account: test, player size:1
2024-08-25 10:03:41 -> [DEBUG] -  Log4::Initialize is Ok.
2024-08-25 10:03:43 -> [DEBUG] -  Initialize thread: LogicThread thread num: 1
2024-08-25 10:03:43 -> [DEBUG] -  Initialize thread: MysqlThread thread num: 2
2024-08-25 10:03:44 -> [DEBUG] -  Initialize thread: ListenThread thread num: 1
2024-08-25 10:03:45 -> [INFO] -  epoll model. listen 127.0.0.1:2233
2024-08-25 10:03:45 -> [DEBUG] -  MysqlConnector::Awake. id:263948032
2024-08-25 10:03:45 -> [DEBUG] -  MysqlConnector::Awake. id:255555328
2024-08-25 10:03:46 -> [DEBUG] -  MysqlConnector::Connect. 127.0.0.1:33060starting... id :255555328
2024-08-25 10:03:48 -> [DEBUG] -  MysqlConnector::Connect. 127.0.0.1:33060starting... id :263948032
2024-08-25 10:03:52 -> [DEBUG] -  MysqlConnector::Connect: successfully! addr: 127.0.0.1:33060
2024-08-25 10:03:52 -> [DEBUG] -  MysqlConnector::Connect: successfully! addr: 127.0.0.1:33060
2024-08-25 10:03:52 -> [DEBUG] -  	MysqlConnector::InitStmts successfully!
2024-08-25 10:03:53 -> [DEBUG] -  	MysqlConnector::InitStmts successfully!
2024-08-25 10:04:07 -> [DEBUG] -  player list. account: test4 player list size: 1 socket:0
2024-08-25 10:04:07 -> [DEBUG] -  HandlePlayerListToDBRs account: test4, player size:1
2024-08-25 10:04:07 -> [DEBUG] -  player list. account: test3 player list size: 1 socket:0
2024-08-25 10:04:09 -> [DEBUG] -  HandlePlayerListToDBRs account: test3, player size:1
2024-08-25 10:04:10 -> [DEBUG] -  player list. account: test13 player list size: 1 socket:0
2024-08-25 10:04:10 -> [DEBUG] -  player list. account: test24 player list size: 1 socket:0
2024-08-25 10:04:10 -> [DEBUG] -  player list. account: test8 player list size: 1 socket:0
2024-08-25 10:04:10 -> [DEBUG] -  player list. account: test18 player list size: 1 socket:0
2024-08-25 10:04:12 -> [DEBUG] -  HandlePlayerListToDBRs account: test13, player size:1
2024-08-25 10:04:12 -> [DEBUG] -  HandlePlayerListToDBRs account: test8, player size:1
2024-08-25 10:04:12 -> [DEBUG] -  HandlePlayerListToDBRs account: test24, player size:1
2024-08-25 10:04:12 -> [DEBUG] -  player list. account: test9 player list size: 1 socket:0
2024-08-25 10:04:12 -> [DEBUG] -  player list. account: test1 player list size: 1 socket:0
2024-08-25 10:04:12 -> [DEBUG] -  HandlePlayerListToDBRs account: test18, player size:1
2024-08-25 10:04:12 -> [DEBUG] -  player list. account: test6 player list size: 1 socket:0
2024-08-25 10:04:12 -> [DEBUG] -  player list. account: test14 player list size: 1 socket:0
2024-08-25 10:04:12 -> [DEBUG] -  player list. account: test19 player list size: 1 socket:0
2024-08-25 10:04:12 -> [DEBUG] -  player list. account: test11 player list size: 1 socket:0
2024-08-25 10:04:16 -> [DEBUG] -  HandlePlayerListToDBRs account: test9, player size:1
2024-08-25 10:04:16 -> [DEBUG] -  HandlePlayerListToDBRs account: test1, player size:1
2024-08-25 10:04:16 -> [DEBUG] -  HandlePlayerListToDBRs account: test6, player size:1
2024-08-25 10:04:16 -> [DEBUG] -  HandlePlayerListToDBRs account: test14, player size:1
2024-08-25 10:04:16 -> [DEBUG] -  HandlePlayerListToDBRs account: test19, player size:1
2024-08-25 10:04:16 -> [DEBUG] -  HandlePlayerListToDBRs account: test11, player size:1
2024-08-25 10:04:16 -> [DEBUG] -  player list. account: test16 player list size: 1 socket:0
2024-08-25 10:04:16 -> [DEBUG] -  player list. account: test5 player list size: 1 socket:0
2024-08-25 10:04:16 -> [DEBUG] -  player list. account: test21 player list size: 1 socket:0
2024-08-25 10:04:16 -> [DEBUG] -  player list. account: test10 player list size: 1 socket:0
2024-08-25 10:04:16 -> [DEBUG] -  player list. account: test15 player list size: 1 socket:0
2024-08-25 10:04:16 -> [DEBUG] -  player list. account: test26 player list size: 1 socket:0
2024-08-25 10:04:16 -> [DEBUG] -  player list. account: test20 player list size: 1 socket:0
2024-08-25 10:04:16 -> [DEBUG] -  player list. account: test25 player list size: 1 socket:0
2024-08-25 10:04:16 -> [DEBUG] -  player list. account: test34 player list size: 1 socket:0
2024-08-25 10:04:16 -> [DEBUG] -  player list. account: test29 player list size: 1 socket:0
2024-08-25 10:04:16 -> [DEBUG] -  player list. account: test31 player list size: 1 socket:0
2024-08-25 10:04:16 -> [DEBUG] -  player list. account: test2 player list size: 1 socket:0
2024-08-25 10:04:16 -> [DEBUG] -  player list. account: test7 player list size: 1 socket:0
2024-08-25 10:04:16 -> [DEBUG] -  player list. account: test39 player list size: 1 socket:0
2024-08-25 10:04:17 -> [DEBUG] -  player list. account: test12 player list size: 1 socket:0
2024-08-25 10:04:17 -> [DEBUG] -  player list. account: test17 player list size: 1 socket:0
2024-08-25 10:04:17 -> [DEBUG] -  player list. account: test22 player list size: 1 socket:0
2024-08-25 10:04:21 -> [DEBUG] -  HandlePlayerListToDBRs account: test16, player size:1
2024-08-25 10:04:21 -> [DEBUG] -  HandlePlayerListToDBRs account: test5, player size:1
2024-08-25 10:04:21 -> [DEBUG] -  HandlePlayerListToDBRs account: test21, player size:1
2024-08-25 10:04:21 -> [DEBUG] -  HandlePlayerListToDBRs account: test10, player size:1
2024-08-25 10:04:21 -> [DEBUG] -  HandlePlayerListToDBRs account: test15, player size:1
2024-08-25 10:04:21 -> [DEBUG] -  HandlePlayerListToDBRs account: test26, player size:1
2024-08-25 10:04:21 -> [DEBUG] -  player list. account: test30 player list size: 1 socket:0
2024-08-25 10:04:21 -> [DEBUG] -  player list. account: test36 player list size: 1 socket:0
2024-08-25 10:04:21 -> [DEBUG] -  HandlePlayerListToDBRs account: test20, player size:1
2024-08-25 10:04:22 -> [DEBUG] -  HandlePlayerListToDBRs account: test25, player size:1
2024-08-25 10:04:22 -> [DEBUG] -  player list. account: test35 player list size: 1 socket:0
2024-08-25 10:04:22 -> [DEBUG] -  player list. account: test44 player list size: 1 socket:0
2024-08-25 10:04:22 -> [DEBUG] -  HandlePlayerListToDBRs account: test34, player size:1
2024-08-25 10:04:22 -> [DEBUG] -  player list. account: test40 player list size: 1 socket:0
2024-08-25 10:04:22 -> [DEBUG] -  HandlePlayerListToDBRs account: test29, player size:1
2024-08-25 10:04:22 -> [DEBUG] -  player list. account: test41 player list size: 1 socket:0
2024-08-25 10:04:22 -> [DEBUG] -  HandlePlayerListToDBRs account: test31, player size:1
2024-08-25 10:04:22 -> [DEBUG] -  HandlePlayerListToDBRs account: test2, player size:1
2024-08-25 10:04:22 -> [DEBUG] -  player list. account: test46 player list size: 1 socket:0
2024-08-25 10:04:22 -> [DEBUG] -  player list. account: test49 player list size: 1 socket:0
2024-08-25 10:04:22 -> [DEBUG] -  player list. account: test23 player list size: 1 socket:0
2024-08-25 10:04:22 -> [DEBUG] -  HandlePlayerListToDBRs account: test7, player size:1
2024-08-25 10:04:22 -> [DEBUG] -  HandlePlayerListToDBRs account: test39, player size:1
2024-08-25 10:04:22 -> [DEBUG] -  player list. account: test33 player list size: 1 socket:0
2024-08-25 10:04:22 -> [DEBUG] -  HandlePlayerListToDBRs account: test12, player size:1
2024-08-25 10:04:22 -> [DEBUG] -  HandlePlayerListToDBRs account: test17, player size:1
2024-08-25 10:04:22 -> [DEBUG] -  HandlePlayerListToDBRs account: test22, player size:1
2024-08-25 10:04:22 -> [DEBUG] -  player list. account: test38 player list size: 1 socket:0
2024-08-25 10:04:22 -> [DEBUG] -  player list. account: test28 player list size: 1 socket:0
2024-08-25 10:04:22 -> [DEBUG] -  player list. account: test48 player list size: 1 socket:0
2024-08-25 10:04:22 -> [DEBUG] -  player list. account: test43 player list size: 1 socket:0
2024-08-25 10:04:23 -> [DEBUG] -  player list. account: test53 player list size: 1 socket:0
2024-08-25 10:04:23 -> [DEBUG] -  player list. account: test63 player list size: 1 socket:0
2024-08-25 10:04:23 -> [DEBUG] -  player list. account: test58 player list size: 1 socket:0
2024-08-25 10:04:23 -> [DEBUG] -  player list. account: test73 player list size: 1 socket:0
2024-08-25 10:04:23 -> [DEBUG] -  player list. account: test68 player list size: 1 socket:0
2024-08-25 10:04:23 -> [DEBUG] -  player list. account: test32 player list size: 1 socket:0
2024-08-25 10:04:23 -> [DEBUG] -  player list. account: test27 player list size: 1 socket:0
2024-08-25 10:04:23 -> [DEBUG] -  player list. account: test78 player list size: 1 socket:0
2024-08-25 10:04:23 -> [DEBUG] -  player list. account: test37 player list size: 1 socket:0
2024-08-25 10:04:23 -> [DEBUG] -  player list. account: test47 player list size: 1 socket:0
2024-08-25 10:04:23 -> [DEBUG] -  player list. account: test54 player list size: 1 socket:0
2024-08-25 10:04:23 -> [DEBUG] -  player list. account: test42 player list size: 1 socket:0
2024-08-25 10:04:23 -> [DEBUG] -  player list. account: test45 player list size: 1 socket:0
2024-08-25 10:04:23 -> [DEBUG] -  player list. account: test50 player list size: 1 socket:0
2024-08-25 10:04:24 -> [DEBUG] -  HandlePlayerListToDBRs account: test30, player size:1
2024-08-25 10:04:24 -> [DEBUG] -  HandlePlayerListToDBRs account: test36, player size:1
2024-08-25 10:04:24 -> [DEBUG] -  HandlePlayerListToDBRs account: test35, player size:1
2024-08-25 10:04:24 -> [DEBUG] -  HandlePlayerListToDBRs account: test44, player size:1
2024-08-25 10:04:24 -> [DEBUG] -  HandlePlayerListToDBRs account: test40, player size:1
2024-08-25 10:04:24 -> [DEBUG] -  HandlePlayerListToDBRs account: test41, player size:1
2024-08-25 10:04:24 -> [DEBUG] -  HandlePlayerListToDBRs account: test46, player size:1
2024-08-25 10:04:24 -> [DEBUG] -  HandlePlayerListToDBRs account: test49, player size:1
2024-08-25 10:04:24 -> [DEBUG] -  HandlePlayerListToDBRs account: test23, player size:1
2024-08-25 10:04:24 -> [DEBUG] -  HandlePlayerListToDBRs account: test33, player size:1
2024-08-25 10:04:24 -> [DEBUG] -  HandlePlayerListToDBRs account: test38, player size:1
2024-08-25 10:04:24 -> [DEBUG] -  HandlePlayerListToDBRs account: test28, player size:1
2024-08-25 10:04:25 -> [DEBUG] -  HandlePlayerListToDBRs account: test48, player size:1
2024-08-25 10:04:25 -> [DEBUG] -  HandlePlayerListToDBRs account: test43, player size:1
2024-08-25 10:04:25 -> [DEBUG] -  HandlePlayerListToDBRs account: test53, player size:1
2024-08-25 10:04:25 -> [DEBUG] -  HandlePlayerListToDBRs account: test63, player size:1
2024-08-25 10:04:25 -> [DEBUG] -  player list. account: test59 player list size: 1 socket:0
2024-08-25 10:04:25 -> [DEBUG] -  player list. account: test55 player list size: 1 socket:0
2024-08-25 10:04:25 -> [DEBUG] -  HandlePlayerListToDBRs account: test58, player size:1
2024-08-25 10:04:25 -> [DEBUG] -  player list. account: test64 player list size: 1 socket:0
2024-08-25 10:04:25 -> [DEBUG] -  player list. account: test69 player list size: 1 socket:0
2024-08-25 10:04:25 -> [DEBUG] -  HandlePlayerListToDBRs account: test73, player size:1
2024-08-25 10:04:25 -> [DEBUG] -  player list. account: test83 player list size: 1 socket:0
2024-08-25 10:04:25 -> [DEBUG] -  HandlePlayerListToDBRs account: test68, player size:1
2024-08-25 10:04:25 -> [DEBUG] -  player list. account: test52 player list size: 1 socket:0
2024-08-25 10:04:25 -> [DEBUG] -  player list. account: test60 player list size: 1 socket:0
2024-08-25 10:04:25 -> [DEBUG] -  player list. account: test74 player list size: 1 socket:0
2024-08-25 10:04:25 -> [DEBUG] -  player list. account: test51 player list size: 1 socket:0
2024-08-25 10:04:25 -> [DEBUG] -  HandlePlayerListToDBRs account: test32, player size:1
2024-08-25 10:04:25 -> [DEBUG] -  HandlePlayerListToDBRs account: test27, player size:1
2024-08-25 10:04:25 -> [DEBUG] -  player list. account: test65 player list size: 1 socket:0
2024-08-25 10:04:25 -> [DEBUG] -  player list. account: test79 player list size: 1 socket:0
2024-08-25 10:04:25 -> [DEBUG] -  HandlePlayerListToDBRs account: test78, player size:1
2024-08-25 10:04:25 -> [DEBUG] -  player list. account: test88 player list size: 1 socket:0
2024-08-25 10:04:25 -> [DEBUG] -  HandlePlayerListToDBRs account: test37, player size:1
2024-08-25 10:04:25 -> [DEBUG] -  HandlePlayerListToDBRs account: test47, player size:1
2024-08-25 10:04:25 -> [DEBUG] -  player list. account: test56 player list size: 1 socket:0
2024-08-25 10:04:25 -> [DEBUG] -  player list. account: test84 player list size: 1 socket:0
2024-08-25 10:04:25 -> [DEBUG] -  HandlePlayerListToDBRs account: test54, player size:1
2024-08-25 10:04:25 -> [DEBUG] -  HandlePlayerListToDBRs account: test42, player size:1
2024-08-25 10:04:25 -> [DEBUG] -  player list. account: test93 player list size: 1 socket:0
2024-08-25 10:04:25 -> [DEBUG] -  player list. account: test70 player list size: 1 socket:0
2024-08-25 10:04:25 -> [DEBUG] -  player list. account: test61 player list size: 1 socket:0
2024-08-25 10:04:25 -> [DEBUG] -  HandlePlayerListToDBRs account: test45, player size:1
2024-08-25 10:04:25 -> [DEBUG] -  player list. account: test75 player list size: 1 socket:0
2024-08-25 10:04:25 -> [DEBUG] -  HandlePlayerListToDBRs account: test50, player size:1
2024-08-25 10:04:25 -> [DEBUG] -  player list. account: test89 player list size: 1 socket:0
2024-08-25 10:04:26 -> [DEBUG] -  player list. account: test94 player list size: 1 socket:0
2024-08-25 10:04:26 -> [DEBUG] -  player list. account: test66 player list size: 1 socket:0
2024-08-25 10:04:26 -> [DEBUG] -  player list. account: test71 player list size: 1 socket:0
2024-08-25 10:04:26 -> [DEBUG] -  player list. account: test98 player list size: 1 socket:0
2024-08-25 10:04:26 -> [DEBUG] -  HandlePlayerListToDBRs account: test59, player size:1
2024-08-25 10:04:26 -> [DEBUG] -  HandlePlayerListToDBRs account: test55, player size:1
2024-08-25 10:04:26 -> [DEBUG] -  HandlePlayerListToDBRs account: test64, player size:1
2024-08-25 10:04:26 -> [DEBUG] -  HandlePlayerListToDBRs account: test69, player size:1
2024-08-25 10:04:26 -> [DEBUG] -  HandlePlayerListToDBRs account: test83, player size:1
2024-08-25 10:04:26 -> [DEBUG] -  player list. account: test99 player list size: 1 socket:0
2024-08-25 10:04:26 -> [DEBUG] -  HandlePlayerListToDBRs account: test52, player size:1
2024-08-25 10:04:26 -> [DEBUG] -  player list. account: test76 player list size: 1 socket:0
2024-08-25 10:04:26 -> [DEBUG] -  HandlePlayerListToDBRs account: test60, player size:1
2024-08-25 10:04:26 -> [DEBUG] -  player list. account: test81 player list size: 1 socket:0
2024-08-25 10:04:26 -> [DEBUG] -  player list. account: test80 player list size: 1 socket:0
2024-08-25 10:04:26 -> [DEBUG] -  HandlePlayerListToDBRs account: test74, player size:1
2024-08-25 10:04:26 -> [DEBUG] -  HandlePlayerListToDBRs account: test51, player size:1
2024-08-25 10:04:26 -> [DEBUG] -  HandlePlayerListToDBRs account: test65, player size:1
2024-08-25 10:04:26 -> [DEBUG] -  player list. account: test86 player list size: 1 socket:0
2024-08-25 10:04:26 -> [DEBUG] -  player list. account: test85 player list size: 1 socket:0
2024-08-25 10:04:26 -> [DEBUG] -  HandlePlayerListToDBRs account: test79, player size:1
2024-08-25 10:04:26 -> [DEBUG] -  HandlePlayerListToDBRs account: test88, player size:1
2024-08-25 10:04:26 -> [DEBUG] -  HandlePlayerListToDBRs account: test56, player size:1
2024-08-25 10:04:26 -> [DEBUG] -  player list. account: test96 player list size: 1 socket:0
2024-08-25 10:04:26 -> [DEBUG] -  player list. account: test91 player list size: 1 socket:0
2024-08-25 10:04:26 -> [DEBUG] -  HandlePlayerListToDBRs account: test84, player size:1
2024-08-25 10:04:26 -> [DEBUG] -  HandlePlayerListToDBRs account: test93, player size:1
2024-08-25 10:04:26 -> [DEBUG] -  HandlePlayerListToDBRs account: test70, player size:1
2024-08-25 10:04:26 -> [DEBUG] -  player list. account: test62 player list size: 1 socket:0
2024-08-25 10:04:26 -> [DEBUG] -  player list. account: test57 player list size: 1 socket:0
2024-08-25 10:04:27 -> [DEBUG] -  HandlePlayerListToDBRs account: test61, player size:1
2024-08-25 10:04:27 -> [DEBUG] -  player list. account: test95 player list size: 1 socket:0
2024-08-25 10:04:27 -> [DEBUG] -  player list. account: test90 player list size: 1 socket:0
2024-08-25 10:04:27 -> [DEBUG] -  HandlePlayerListToDBRs account: test75, player size:1
2024-08-25 10:04:27 -> [DEBUG] -  player list. account: test67 player list size: 1 socket:0
2024-08-25 10:04:27 -> [DEBUG] -  player list. account: test100 player list size: 1 socket:0
2024-08-25 10:04:27 -> [DEBUG] -  HandlePlayerListToDBRs account: test89, player size:1
2024-08-25 10:04:27 -> [DEBUG] -  player list. account: test72 player list size: 1 socket:0
2024-08-25 10:04:27 -> [DEBUG] -  player list. account: test77 player list size: 1 socket:0
2024-08-25 10:04:27 -> [DEBUG] -  HandlePlayerListToDBRs account: test94, player size:1
2024-08-25 10:04:27 -> [DEBUG] -  player list. account: test82 player list size: 1 socket:0
2024-08-25 10:04:27 -> [DEBUG] -  HandlePlayerListToDBRs account: test66, player size:1
2024-08-25 10:04:27 -> [DEBUG] -  player list. account: test87 player list size: 1 socket:0
2024-08-25 10:04:27 -> [DEBUG] -  player list. account: test92 player list size: 1 socket:0
2024-08-25 10:04:27 -> [DEBUG] -  HandlePlayerListToDBRs account: test71, player size:1
2024-08-25 10:04:27 -> [DEBUG] -  HandlePlayerListToDBRs account: test98, player size:1
2024-08-25 10:04:27 -> [DEBUG] -  player list. account: test97 player list size: 1 socket:0
2024-08-25 10:04:27 -> [DEBUG] -  HandlePlayerListToDBRs account: test99, player size:1
2024-08-25 10:04:27 -> [DEBUG] -  HandlePlayerListToDBRs account: test76, player size:1
2024-08-25 10:04:27 -> [DEBUG] -  HandlePlayerListToDBRs account: test81, player size:1
2024-08-25 10:04:27 -> [DEBUG] -  HandlePlayerListToDBRs account: test80, player size:1
2024-08-25 10:04:27 -> [DEBUG] -  HandlePlayerListToDBRs account: test86, player size:1
2024-08-25 10:04:27 -> [DEBUG] -  HandlePlayerListToDBRs account: test85, player size:1
2024-08-25 10:04:27 -> [DEBUG] -  HandlePlayerListToDBRs account: test96, player size:1
2024-08-25 10:04:27 -> [DEBUG] -  HandlePlayerListToDBRs account: test91, player size:1
2024-08-25 10:04:27 -> [DEBUG] -  HandlePlayerListToDBRs account: test62, player size:1
2024-08-25 10:04:27 -> [DEBUG] -  HandlePlayerListToDBRs account: test57, player size:1
2024-08-25 10:04:27 -> [DEBUG] -  HandlePlayerListToDBRs account: test95, player size:1
2024-08-25 10:04:27 -> [DEBUG] -  HandlePlayerListToDBRs account: test90, player size:1
2024-08-25 10:04:27 -> [DEBUG] -  HandlePlayerListToDBRs account: test67, player size:1
2024-08-25 10:04:27 -> [DEBUG] -  HandlePlayerListToDBRs account: test100, player size:1
2024-08-25 10:04:27 -> [DEBUG] -  HandlePlayerListToDBRs account: test72, player size:1
2024-08-25 10:04:27 -> [DEBUG] -  HandlePlayerListToDBRs account: test77, player size:1
2024-08-25 10:04:27 -> [DEBUG] -  HandlePlayerListToDBRs account: test82, player size:1
2024-08-25 10:04:27 -> [DEBUG] -  HandlePlayerListToDBRs account: test87, player size:1
2024-08-25 10:04:28 -> [DEBUG] -  HandlePlayerListToDBRs account: test92, player size:1
2024-08-25 10:04:28 -> [DEBUG] -  HandlePlayerListToDBRs account: test97, player size:1
2024-08-25 10:14:47 -> [DEBUG] -  Log4::Initialize is Ok.
2024-08-25 10:14:47 -> [DEBUG] -  Initialize thread: LogicThread thread num: 1
2024-08-25 10:14:47 -> [DEBUG] -  Initialize thread: MysqlThread thread num: 2
2024-08-25 10:14:47 -> [DEBUG] -  Initialize thread: ListenThread thread num: 1
2024-08-25 10:14:47 -> [DEBUG] -  MysqlConnector::Awake. id:140737182533376
2024-08-25 10:14:47 -> [DEBUG] -  MysqlConnector::Awake. id:140737190926080
2024-08-25 10:17:50 -> [DEBUG] -  Log4::Initialize is Ok.
2024-08-25 10:17:50 -> [DEBUG] -  Initialize thread: LogicThread thread num: 1
2024-08-25 10:17:50 -> [DEBUG] -  Initialize thread: MysqlThread thread num: 1
2024-08-25 10:17:50 -> [DEBUG] -  Initialize thread: ListenThread thread num: 1
2024-08-25 10:17:50 -> [DEBUG] -  MysqlConnector::Awake. id:140737190926080
2024-08-25 10:18:11 -> [INFO] -  epoll model. listen 127.0.0.1:2233
2024-08-25 10:18:11 -> [DEBUG] -  MysqlConnector::Connect. 127.0.0.1:33060starting... id :140737190926080
2024-08-25 10:18:11 -> [DEBUG] -  MysqlConnector::Connect: successfully! addr: 127.0.0.1:33060
2024-08-25 10:18:11 -> [DEBUG] -  	MysqlConnector::InitStmts successfully!
2024-08-25 10:19:14 -> [DEBUG] -  Log4::Initialize is Ok.
2024-08-25 10:19:16 -> [DEBUG] -  Initialize thread: LogicThread thread num: 1
2024-08-25 10:19:17 -> [DEBUG] -  Initialize thread: MysqlThread thread num: 1
2024-08-25 10:19:17 -> [DEBUG] -  Initialize thread: ListenThread thread num: 1
2024-08-25 10:19:18 -> [INFO] -  epoll model. listen 127.0.0.1:2233
2024-08-25 10:19:18 -> [DEBUG] -  MysqlConnector::Awake. id:255555328
2024-08-25 10:19:19 -> [DEBUG] -  MysqlConnector::Connect. 127.0.0.1:33060starting... id :255555328
2024-08-25 10:19:23 -> [DEBUG] -  MysqlConnector::Connect: successfully! addr: 127.0.0.1:33060
2024-08-25 10:19:24 -> [DEBUG] -  	MysqlConnector::InitStmts successfully!
2024-08-26 10:41:33 -> [DEBUG] -  Log4::Initialize is Ok.
2024-08-26 10:41:33 -> [DEBUG] -  Initialize thread: LogicThread thread num: 1
2024-08-26 10:41:33 -> [DEBUG] -  Initialize thread: MysqlThread thread num: 1
2024-08-26 10:41:33 -> [DEBUG] -  Initialize thread: ListenThread thread num: 1
2024-08-26 10:41:33 -> [DEBUG] -  MysqlConnector::Awake. id:140238080923392
2024-08-26 10:41:33 -> [INFO] -  epoll model. listen 127.0.0.1:2233
2024-08-26 10:41:33 -> [DEBUG] -  MysqlConnector::Connect. 127.0.0.1:33060starting... id :140238080923392
2024-08-26 10:41:34 -> [DEBUG] -  MysqlConnector::Connect: successfully! addr: 127.0.0.1:33060
2024-08-26 10:41:34 -> [DEBUG] -  	MysqlConnector::InitStmts successfully!
2024-08-26 10:55:23 -> [DEBUG] -  Log4::Initialize is Ok.
2024-08-26 10:55:23 -> [DEBUG] -  Initialize thread: LogicThread thread num: 1
2024-08-26 10:55:23 -> [DEBUG] -  Initialize thread: MysqlThread thread num: 1
2024-08-26 10:55:23 -> [DEBUG] -  Initialize thread: ListenThread thread num: 1
2024-08-26 10:55:23 -> [DEBUG] -  MysqlConnector::Awake. id:140045295814400
2024-08-26 10:55:23 -> [INFO] -  epoll model. listen 127.0.0.1:2233
2024-08-26 10:55:23 -> [DEBUG] -  MysqlConnector::Connect. 127.0.0.1:33060starting... id :140045295814400
2024-08-26 10:55:23 -> [DEBUG] -  MysqlConnector::Connect: successfully! addr: 127.0.0.1:33060
2024-08-26 10:55:23 -> [DEBUG] -  	MysqlConnector::InitStmts successfully!
2024-08-26 10:55:29 -> [DEBUG] -  player list. account: test player list size: 1 socket:0
2024-08-26 10:55:29 -> [DEBUG] -  HandlePlayerListToDBRs account: test, player size:1
2024-08-26 10:55:57 -> [DEBUG] -  player list. account: test4 player list size: 1 socket:0
2024-08-26 10:55:57 -> [DEBUG] -  HandlePlayerListToDBRs account: test4, player size:1
2024-08-26 10:55:57 -> [DEBUG] -  player list. account: test9 player list size: 1 socket:0
2024-08-26 10:55:58 -> [DEBUG] -  HandlePlayerListToDBRs account: test9, player size:1
2024-08-26 10:55:58 -> [DEBUG] -  player list. account: test2 player list size: 1 socket:0
2024-08-26 10:55:58 -> [DEBUG] -  HandlePlayerListToDBRs account: test2, player size:1
2024-08-26 10:55:58 -> [DEBUG] -  player list. account: test3 player list size: 1 socket:0
2024-08-26 10:55:58 -> [DEBUG] -  HandlePlayerListToDBRs account: test3, player size:1
2024-08-26 10:55:58 -> [DEBUG] -  player list. account: test7 player list size: 1 socket:0
2024-08-26 10:55:58 -> [DEBUG] -  HandlePlayerListToDBRs account: test7, player size:1
2024-08-26 10:55:58 -> [DEBUG] -  player list. account: test8 player list size: 1 socket:0
2024-08-26 10:55:58 -> [DEBUG] -  HandlePlayerListToDBRs account: test8, player size:1
2024-08-26 10:55:58 -> [DEBUG] -  player list. account: test5 player list size: 1 socket:0
2024-08-26 10:55:58 -> [DEBUG] -  HandlePlayerListToDBRs account: test5, player size:1
2024-08-26 10:55:58 -> [DEBUG] -  player list. account: test1 player list size: 1 socket:0
2024-08-26 10:55:58 -> [DEBUG] -  HandlePlayerListToDBRs account: test1, player size:1
2024-08-26 10:55:58 -> [DEBUG] -  player list. account: test10 player list size: 1 socket:0
2024-08-26 10:55:58 -> [DEBUG] -  HandlePlayerListToDBRs account: test10, player size:1
2024-08-26 10:55:58 -> [DEBUG] -  player list. account: test6 player list size: 1 socket:0
2024-08-26 10:55:58 -> [DEBUG] -  HandlePlayerListToDBRs account: test6, player size:1
2024-08-26 16:54:29 -> [DEBUG] -  Log4::Initialize is Ok.
2024-08-26 16:54:56 -> [DEBUG] -  Log4::Initialize is Ok.
2024-08-26 17:02:05 -> [DEBUG] -  Log4::Initialize is Ok.
2024-08-26 17:02:35 -> [DEBUG] -  Log4::Initialize is Ok.
2024-08-26 17:17:57 -> [DEBUG] -  Log4::Initialize is Ok.
2024-08-26 17:17:57 -> [DEBUG] -  Initialize thread: LogicThread thread num: 1
2024-08-26 17:17:57 -> [DEBUG] -  Initialize thread: MysqlThread thread num: 1
2024-08-26 17:17:57 -> [DEBUG] -  Initialize thread: ListenThread thread num: 1
2024-08-26 17:17:57 -> [DEBUG] -  MysqlConnector::Awake. id:140217953019648
2024-08-26 17:17:57 -> [INFO] -  epoll model. listen 127.0.0.1:2233
2024-08-26 17:17:57 -> [DEBUG] -  MysqlConnector::Connect. 127.0.0.1:33060starting... id :140217953019648
2024-08-26 17:17:57 -> [DEBUG] -  MysqlConnector::Connect: successfully! addr: 127.0.0.1:33060
2024-08-26 17:17:57 -> [DEBUG] -  	MysqlConnector::InitStmts successfully!
2024-08-26 17:18:27 -> [ERROR] -  [0;31m------------------------------------------------[0m
2024-08-26 17:21:14 -> [DEBUG] -  Log4::Initialize is Ok.
2024-08-26 17:21:14 -> [DEBUG] -  Initialize thread: LogicThread thread num: 1
2024-08-26 17:21:14 -> [DEBUG] -  Initialize thread: MysqlThread thread num: 1
2024-08-26 17:21:14 -> [DEBUG] -  Initialize thread: ListenThread thread num: 1
2024-08-26 17:21:14 -> [DEBUG] -  MysqlConnector::Awake. id:140121418475264
2024-08-26 17:21:14 -> [INFO] -  epoll model. listen 127.0.0.1:2233
2024-08-26 17:21:14 -> [DEBUG] -  MysqlConnector::Connect. 127.0.0.1:33060starting... id :140121418475264
2024-08-26 17:21:14 -> [DEBUG] -  MysqlConnector::Connect: successfully! addr: 127.0.0.1:33060
2024-08-26 17:21:14 -> [DEBUG] -  	MysqlConnector::InitStmts successfully!
2024-08-26 17:21:29 -> [DEBUG] -  ------------------------------------
2024-08-26 17:29:51 -> [DEBUG] -  Log4::Initialize is Ok.
2024-08-26 17:29:51 -> [DEBUG] -  Initialize thread: LogicThread thread num: 1
2024-08-26 17:29:51 -> [DEBUG] -  Initialize thread: MysqlThread thread num: 1
2024-08-26 17:29:51 -> [DEBUG] -  Initialize thread: ListenThread thread num: 1
2024-08-26 17:29:51 -> [DEBUG] -  MysqlConnector::Awake. id:140643251828480
2024-08-26 17:29:51 -> [INFO] -  epoll model. listen 127.0.0.1:2233
2024-08-26 17:29:51 -> [DEBUG] -  MysqlConnector::Connect. 127.0.0.1:33060starting... id :140643251828480
2024-08-26 17:29:52 -> [DEBUG] -  MysqlConnector::Connect: successfully! addr: 127.0.0.1:33060
2024-08-26 17:29:52 -> [DEBUG] -  	MysqlConnector::InitStmts successfully!
2024-08-26 17:30:07 -> [DEBUG] -  ------------------------------------
2024-08-26 17:30:07 -> [DEBUG] -  appId:    0 type: allinone online: 0
2024-08-26 17:30:18 -> [DEBUG] -  ------------------------------------
2024-08-26 17:30:18 -> [DEBUG] -  appId:    0 type: allinone online: 0
2024-08-26 17:30:20 -> [DEBUG] -  ------------------------------------
2024-08-26 17:30:20 -> [DEBUG] -  appId:    0 type: allinone online: 0
2024-08-27 06:06:54 -> [DEBUG] -  Log4::Initialize is Ok.
2024-08-27 06:06:54 -> [DEBUG] -  Initialize thread: LogicThread thread num: 1
2024-08-27 06:06:54 -> [DEBUG] -  Initialize thread: MysqlThread thread num: 1
2024-08-27 06:06:54 -> [DEBUG] -  Initialize thread: ListenThread thread num: 1
2024-08-27 06:06:54 -> [DEBUG] -  MysqlConnector::Awake. id:139648744580864
2024-08-27 06:06:54 -> [INFO] -  epoll model. listen 127.0.0.1:2233
2024-08-27 06:06:54 -> [DEBUG] -  MysqlConnector::Connect. 127.0.0.1:33060starting... id :139648744580864
2024-08-27 06:06:54 -> [DEBUG] -  MysqlConnector::Connect: successfully! addr: 127.0.0.1:33060
2024-08-27 06:06:54 -> [DEBUG] -  	MysqlConnector::InitStmts successfully!
2024-08-27 06:07:01 -> [DEBUG] -  player list. account: test player list size: 1 socket:0
2024-08-27 06:07:01 -> [DEBUG] -  HandlePlayerListToDBRs account: test, player size:1
2024-08-27 06:07:07 -> [DEBUG] -  ------------------------------------
2024-08-27 06:07:07 -> [DEBUG] -  appId:    0 type: allinone online: 1
2024-08-27 06:07:25 -> [DEBUG] -  ------------------------------------
2024-08-27 06:07:25 -> [DEBUG] -  appId:    0 type: allinone online: 0
2024-08-27 08:37:02 -> [DEBUG] -  Log4::Initialize is Ok.
2024-08-27 08:37:02 -> [DEBUG] -  Initialize thread: LogicThread thread num: 1
2024-08-27 08:37:02 -> [DEBUG] -  Initialize thread: MysqlThread thread num: 1
2024-08-27 08:37:02 -> [DEBUG] -  Initialize thread: ListenThread thread num: 1
2024-08-27 08:37:02 -> [DEBUG] -  MysqlConnector::Awake. id:140032702670592
2024-08-27 08:37:02 -> [INFO] -  epoll model. listen 127.0.0.1:2233
2024-08-27 08:37:02 -> [DEBUG] -  MysqlConnector::Connect. 127.0.0.1:33060starting... id :140032702670592
2024-08-27 08:37:02 -> [DEBUG] -  MysqlConnector::Connect: successfully! addr: 127.0.0.1:33060
2024-08-27 08:37:02 -> [DEBUG] -  	MysqlConnector::InitStmts successfully!
2024-08-27 08:37:52 -> [ERROR] -  [0;31minput error. cmd:app-info[0m
2024-08-27 08:37:59 -> [ERROR] -  [0;31minput error. cmd:app	-info[0m
2024-08-27 08:46:11 -> [DEBUG] -  Log4::Initialize is Ok.
2024-08-27 08:46:11 -> [DEBUG] -  Initialize thread: LogicThread thread num: 1
2024-08-27 08:46:11 -> [DEBUG] -  Initialize thread: MysqlThread thread num: 1
2024-08-27 08:46:11 -> [DEBUG] -  Initialize thread: ListenThread thread num: 1
2024-08-27 08:46:11 -> [DEBUG] -  MysqlConnector::Awake. id:140737190926080
2024-08-27 08:46:11 -> [INFO] -  epoll model. listen 127.0.0.1:2233
2024-08-27 08:46:12 -> [DEBUG] -  MysqlConnector::Connect. 127.0.0.1:33060starting... id :140737190926080
2024-08-27 08:46:12 -> [DEBUG] -  MysqlConnector::Connect: successfully! addr: 127.0.0.1:33060
2024-08-27 08:46:12 -> [DEBUG] -  	MysqlConnector::InitStmts successfully!
