2024-10-08 15:09:34 -> [DEBUG] -  Log4::Initialize is Ok.
2024-10-08 15:09:34 -> [DEBUG] -  Yaml awake is Ok.
2024-10-08 15:09:35 -> [DEBUG] -  Initialize thread: LogicThread thread num: 2
2024-10-08 15:09:35 -> [DEBUG] -  Initialize thread: ListenThread thread num: 1
2024-10-08 15:09:35 -> [DEBUG] -  Initialize thread: ConnectThread thread num: 1
2024-10-08 15:09:35 -> [INFO] -  epoll model. listen 127.0.0.1:2233 SOMAXCONN:1024
2024-10-08 15:09:35 -> [DEBUG] -  connected appType: 6 appId: 0 socket:9 networkType: TcpConnector connect type: App25769803776
2024-10-08 15:09:35 -> [DEBUG] -  connected appType: 1 appId: 0 socket:10 networkType: TcpConnector connect type: App4294967296
2024-10-08 15:10:42 -> [DEBUG] -  dis connect. appType: appmgrappId:  socket:9 networkType: TcpConnector connect type: App25769803776
2024-10-08 15:10:42 -> [DEBUG] -  dis connect. appType: dbmgrappId:  socket:10 networkType: TcpConnector connect type: App4294967296
2024-10-08 15:27:37 -> [DEBUG] -  Log4::Initialize is Ok.
2024-10-08 15:27:37 -> [DEBUG] -  Yaml awake is Ok.
2024-10-08 15:27:37 -> [DEBUG] -  Initialize thread: LogicThread thread num: 2
2024-10-08 15:27:37 -> [DEBUG] -  Initialize thread: ListenThread thread num: 1
2024-10-08 15:27:37 -> [DEBUG] -  Initialize thread: ConnectThread thread num: 1
2024-10-08 15:27:37 -> [ERROR] -  [0;31mcan't find appType yaml's config. appType: 8 id:0[0m
2024-10-08 15:27:37 -> [ERROR] -  [0;31mfailed to get config of listen. appType:login appId:0[0m
2024-10-08 15:27:37 -> [DEBUG] -  connected appType: 6 appId: 0 socket:7 networkType: TcpConnector connect type: App25769803776
2024-10-08 15:27:37 -> [DEBUG] -  connected appType: 1 appId: 0 socket:8 networkType: TcpConnector connect type: App4294967296
2024-10-08 15:27:51 -> [DEBUG] -  dis connect. appType: appmgrappId:  socket:7 networkType: TcpConnector connect type: App25769803776
2024-10-08 15:27:51 -> [DEBUG] -  dis connect. appType: dbmgrappId:  socket:8 networkType: TcpConnector connect type: App4294967296
2024-10-08 15:28:10 -> [DEBUG] -  Log4::Initialize is Ok.
2024-10-08 15:28:10 -> [DEBUG] -  Yaml awake is Ok.
2024-10-08 15:28:10 -> [DEBUG] -  Initialize thread: LogicThread thread num: 2
2024-10-08 15:28:10 -> [DEBUG] -  Initialize thread: ListenThread thread num: 1
2024-10-08 15:28:10 -> [DEBUG] -  Initialize thread: ConnectThread thread num: 1
2024-10-08 15:28:10 -> [INFO] -  epoll model. listen 127.0.0.1:2233 SOMAXCONN:1024
2024-10-08 15:28:10 -> [DEBUG] -  connected appType: 1 appId: 0 socket:9 networkType: TcpConnector connect type: App4294967296
2024-10-08 15:28:12 -> [ERROR] -  [0;31mcan't find network. appType: appmgr appId:0[0m
2024-10-08 15:28:22 -> [ERROR] -  [0;31mcan't find network. appType: appmgr appId:0[0m
2024-10-08 15:28:25 -> [DEBUG] -  dis connect. appType: dbmgrappId:  socket:9 networkType: TcpConnector connect type: App4294967296
