2024-08-25 17:47:39 -> [DEBUG] -  Log4::Initialize is Ok.
2024-08-25 17:47:39 -> [DEBUG] -  Initialize thread: LogicThread thread num: 5
2024-08-25 17:52:40 -> [DEBUG] -  Log4::Initialize is Ok.
2024-08-25 17:52:40 -> [DEBUG] -  Initialize thread: LogicThread thread num: 5
2024-08-25 17:56:41 -> [DEBUG] -  Log4::Initialize is Ok.
2024-08-25 17:56:41 -> [DEBUG] -  Initialize thread: LogicThread thread num: 5
2024-08-25 17:57:44 -> [DEBUG] -  Log4::Initialize is Ok.
2024-08-25 17:57:44 -> [DEBUG] -  Initialize thread: LogicThread thread num: 5
2024-08-25 17:57:54 -> [DEBUG] -  recv players. size:1
2024-08-25 18:03:02 -> [DEBUG] -  Log4::Initialize is Ok.
2024-08-25 18:03:02 -> [DEBUG] -  Initialize thread: LogicThread thread num: 5
2024-08-25 18:03:09 -> [DEBUG] -  recv players. size:1
2024-08-25 18:03:55 -> [DEBUG] -  Log4::Initialize is Ok.
2024-08-25 18:03:55 -> [DEBUG] -  Initialize thread: LogicThread thread num: 5
2024-08-25 18:26:04 -> [DEBUG] -  Log4::Initialize is Ok.
2024-08-25 18:26:04 -> [DEBUG] -  Initialize thread: LogicThread thread num: 5
2024-08-25 18:26:13 -> [DEBUG] -  recv players. size:1
2024-08-25 18:27:04 -> [ERROR] -  [0;31minput error. cmd:-ext[0m
2024-08-26 18:41:41 -> [DEBUG] -  Log4::Initialize is Ok.
2024-08-26 18:41:41 -> [DEBUG] -  Initialize thread: LogicThread thread num: 5
2024-08-26 18:45:01 -> [DEBUG] -  Log4::Initialize is Ok.
2024-08-26 18:45:01 -> [DEBUG] -  Initialize thread: LogicThread thread num: 5
2024-08-26 18:55:25 -> [DEBUG] -  Log4::Initialize is Ok.
2024-08-26 18:55:25 -> [DEBUG] -  Initialize thread: LogicThread thread num: 5
2024-08-26 18:55:29 -> [DEBUG] -  recv players. size:1
2024-08-27 01:18:09 -> [DEBUG] -  Log4::Initialize is Ok.
2024-08-27 01:18:09 -> [DEBUG] -  Initialize thread: LogicThread thread num: 5
2024-08-27 01:21:16 -> [DEBUG] -  Log4::Initialize is Ok.
2024-08-27 01:21:17 -> [DEBUG] -  Initialize thread: LogicThread thread num: 5
2024-08-27 01:29:54 -> [DEBUG] -  Log4::Initialize is Ok.
2024-08-27 01:29:54 -> [DEBUG] -  Initialize thread: LogicThread thread num: 5
2024-08-27 01:30:46 -> [ERROR] -  [0;31minput error. cmd:-exit[0m
2024-08-27 14:06:57 -> [DEBUG] -  Log4::Initialize is Ok.
2024-08-27 14:06:57 -> [DEBUG] -  Initialize thread: LogicThread thread num: 5
2024-08-27 14:07:01 -> [DEBUG] -  recv players. size:1
2024-08-27 16:29:03 -> [DEBUG] -  Log4::Initialize is Ok.
2024-08-27 16:29:03 -> [DEBUG] -  Initialize thread: LogicThread thread num: 5
2024-08-27 16:29:08 -> [DEBUG] -  recv players. size:1
2024-08-27 18:13:10 -> [DEBUG] -  Log4::Initialize is Ok.
2024-08-27 18:13:10 -> [DEBUG] -  Initialize thread: LogicThread thread num: 5
2024-08-27 18:13:15 -> [DEBUG] -  recv players. size:1
2024-08-27 18:13:32 -> [ERROR] -  [0;31minput error. can't find cmd:ex[0m
2024-08-27 18:13:38 -> [DEBUG] -  recv players. size:1
2024-08-28 02:09:03 -> [DEBUG] -  Log4::Initialize is Ok.
2024-08-28 02:09:03 -> [DEBUG] -  Initialize thread: LogicThread thread num: 5
